{"/Users/will/Documents/Comp531/hw6/src/actions.js":{"path":"/Users/will/Documents/Comp531/hw6/src/actions.js","s":{"1":1,"2":1,"3":1,"4":1,"5":1,"6":1,"7":1,"8":1,"9":1,"10":1,"11":1,"12":1,"13":1,"14":1,"15":1,"16":4,"17":4,"18":4,"19":4,"20":4,"21":3,"22":4,"23":4,"24":2,"25":2,"26":0,"27":2,"28":1,"29":3,"30":1,"31":1,"32":1,"33":2,"34":1,"35":2,"36":1,"37":2},"b":{"1":[0,1],"2":[1,1],"3":[0,4],"4":[4,0],"5":[4,0],"6":[3,1],"7":[3,0],"8":[2,2],"9":[2,0]},"f":{"1":1,"2":4,"3":4,"4":3,"5":1,"6":2,"7":2,"8":2},"fnMap":{"1":{"name":"_interopRequireDefault","line":17,"loc":{"start":{"line":0,"column":0},"end":{"line":0,"column":0},"skip":true},"skip":true},"2":{"name":"resource","line":48,"loc":{"start":{"line":33,"column":24},"end":{"line":33,"column":68}}},"3":{"name":"(anonymous_3)","line":58,"loc":{"start":{"line":42,"column":14},"end":{"line":42,"column":19}}},"4":{"name":"updateError","line":72,"loc":{"start":{"line":56,"column":7},"end":{"line":56,"column":35}}},"5":{"name":"updateSuccess","line":75,"loc":{"start":{"line":57,"column":7},"end":{"line":57,"column":39}}},"6":{"name":"navToProfile","line":78,"loc":{"start":{"line":58,"column":7},"end":{"line":58,"column":31}}},"7":{"name":"navToMain","line":81,"loc":{"start":{"line":59,"column":7},"end":{"line":59,"column":28}}},"8":{"name":"navToLanding","line":84,"loc":{"start":{"line":60,"column":7},"end":{"line":60,"column":31}}}},"statementMap":{"1":{"start":{"line":0,"column":0},"end":{"line":0,"column":0},"skip":true},"2":{"start":{"line":0,"column":0},"end":{"line":0,"column":0},"skip":true},"3":{"start":{"line":0,"column":0},"end":{"line":0,"column":0},"skip":true},"4":{"start":{"line":0,"column":0},"end":{"line":0,"column":0},"skip":true},"5":{"start":{"line":0,"column":0},"end":{"line":0,"column":0},"skip":true},"6":{"start":{"line":0,"column":0},"end":{"line":0,"column":0},"skip":true},"7":{"start":{"line":0,"column":0},"end":{"line":0,"column":0},"skip":true},"8":{"start":{"line":1,"column":-15},"end":{"line":1,"column":-15}},"9":{"start":{"line":0,"column":0},"end":{"line":0,"column":0},"skip":true},"10":{"start":{"line":0,"column":0},"end":{"line":0,"column":0},"skip":true},"11":{"start":{"line":0,"column":0},"end":{"line":0,"column":0},"skip":true},"12":{"start":{"line":3,"column":7},"end":{"line":3,"column":7}},"13":{"start":{"line":5,"column":0},"end":{"line":5,"column":0}},"14":{"start":{"line":0,"column":0},"end":{"line":0,"column":0},"skip":true},"15":{"start":{"line":33,"column":7},"end":{"line":33,"column":7}},"16":{"start":{"line":33,"column":68},"end":{"line":33,"column":68}},"17":{"start":{"line":34,"column":4},"end":{"line":34,"column":4}},"18":{"start":{"line":38,"column":4},"end":{"line":38,"column":16}},"19":{"start":{"line":38,"column":16},"end":{"line":38,"column":16}},"20":{"start":{"line":39,"column":4},"end":{"line":39,"column":17}},"21":{"start":{"line":39,"column":17},"end":{"line":39,"column":17}},"22":{"start":{"line":41,"column":4},"end":{"line":41,"column":4}},"23":{"start":{"line":43,"column":12},"end":{"line":51,"column":13}},"24":{"start":{"line":44,"column":16},"end":{"line":48,"column":17}},"25":{"start":{"line":45,"column":20},"end":{"line":45,"column":20}},"26":{"start":{"line":47,"column":20},"end":{"line":47,"column":20}},"27":{"start":{"line":50,"column":16},"end":{"line":50,"column":16}},"28":{"start":{"line":56,"column":7},"end":{"line":56,"column":74}},"29":{"start":{"line":56,"column":37},"end":{"line":56,"column":37}},"30":{"start":{"line":57,"column":7},"end":{"line":57,"column":82}},"31":{"start":{"line":57,"column":41},"end":{"line":57,"column":41}},"32":{"start":{"line":58,"column":7},"end":{"line":58,"column":69}},"33":{"start":{"line":58,"column":33},"end":{"line":58,"column":33}},"34":{"start":{"line":59,"column":7},"end":{"line":59,"column":63}},"35":{"start":{"line":59,"column":30},"end":{"line":59,"column":30}},"36":{"start":{"line":60,"column":7},"end":{"line":60,"column":69}},"37":{"start":{"line":60,"column":33},"end":{"line":60,"column":33}}},"branchMap":{"1":{"line":17,"type":"cond-expr","locations":[{"start":{"line":0,"column":0},"end":{"line":0,"column":0},"skip":true},{"start":{"line":0,"column":0},"end":{"line":0,"column":0},"skip":true}]},"2":{"line":17,"type":"binary-expr","locations":[{"start":{"line":0,"column":0},"end":{"line":0,"column":0},"skip":true},{"start":{"line":0,"column":0},"end":{"line":0,"column":0},"skip":true}]},"3":{"line":49,"type":"cond-expr","locations":[{"start":{"line":33,"column":68},"end":{"line":33,"column":68}},{"start":{"line":33,"column":59},"end":{"line":33,"column":68}}]},"4":{"line":49,"type":"binary-expr","locations":[{"start":{"line":33,"column":68},"end":{"line":33,"column":68}},{"start":{"line":33,"column":68},"end":{"line":33,"column":68}}]},"5":{"line":55,"type":"if","locations":[{"start":{"line":38,"column":4},"end":{"line":38,"column":4}},{"start":{"line":38,"column":4},"end":{"line":38,"column":4}}]},"6":{"line":56,"type":"if","locations":[{"start":{"line":39,"column":4},"end":{"line":39,"column":4}},{"start":{"line":39,"column":4},"end":{"line":39,"column":4}}]},"7":{"line":56,"type":"cond-expr","locations":[{"start":{"line":39,"column":40},"end":{"line":39,"column":32}},{"start":{"line":39,"column":66},"end":{"line":39,"column":17}}]},"8":{"line":59,"type":"if","locations":[{"start":{"line":43,"column":12},"end":{"line":43,"column":12}},{"start":{"line":43,"column":12},"end":{"line":43,"column":12}}]},"9":{"line":60,"type":"if","locations":[{"start":{"line":44,"column":16},"end":{"line":44,"column":16}},{"start":{"line":44,"column":16},"end":{"line":44,"column":16}}]}}},"/Users/will/Documents/Comp531/hw6/src/actions.spec.js":{"path":"/Users/will/Documents/Comp531/hw6/src/actions.spec.js","s":{"1":1,"2":1,"3":1,"4":1,"5":1,"6":1,"7":1,"8":2,"9":1,"10":0,"11":0,"12":0,"13":0,"14":0,"15":0,"16":0,"17":0,"18":0,"19":0,"20":0,"21":0,"22":0,"23":0,"24":0,"25":0,"26":0,"27":0,"28":0,"29":0,"30":0,"31":0,"32":0,"33":0,"34":0,"35":0,"36":0,"37":0,"38":0,"39":0,"40":0,"41":0,"42":0,"43":0,"44":0,"45":0},"b":{"1":[0,2],"2":[2,2],"3":[0,0],"4":[0,0]},"f":{"1":2,"2":0,"3":0,"4":0,"5":0,"6":0,"7":0,"8":0,"9":0,"10":0,"11":0},"fnMap":{"1":{"name":"_interopRequireDefault","line":15,"loc":{"start":{"line":0,"column":0},"end":{"line":0,"column":0},"skip":true},"skip":true},"2":{"name":"(anonymous_2)","line":17,"loc":{"start":{"line":5,"column":27},"end":{"line":5,"column":31}}},"3":{"name":"(anonymous_3)","line":23,"loc":{"start":{"line":8,"column":15},"end":{"line":8,"column":19}}},"4":{"name":"(anonymous_4)","line":34,"loc":{"start":{"line":19,"column":14},"end":{"line":19,"column":18}}},"5":{"name":"(anonymous_5)","line":40,"loc":{"start":{"line":25,"column":62},"end":{"line":25,"column":70}}},"6":{"name":"(anonymous_6)","line":46,"loc":{"start":{"line":31,"column":36},"end":{"line":31,"column":41}}},"7":{"name":"(anonymous_7)","line":50,"loc":{"start":{"line":36,"column":48},"end":{"line":36,"column":56}}},"8":{"name":"(anonymous_8)","line":51,"loc":{"start":{"line":37,"column":45},"end":{"line":37,"column":52}}},"9":{"name":"(anonymous_9)","line":55,"loc":{"start":{"line":42,"column":75},"end":{"line":42,"column":79}}},"10":{"name":"(anonymous_10)","line":63,"loc":{"start":{"line":50,"column":80},"end":{"line":50,"column":84}}},"11":{"name":"(anonymous_11)","line":71,"loc":{"start":{"line":58,"column":70},"end":{"line":58,"column":74}}}},"statementMap":{"1":{"start":{"line":1,"column":-15},"end":{"line":1,"column":-15}},"2":{"start":{"line":2,"column":0},"end":{"line":2,"column":0}},"3":{"start":{"line":0,"column":0},"end":{"line":0,"column":0},"skip":true},"4":{"start":{"line":3,"column":0},"end":{"line":3,"column":0}},"5":{"start":{"line":0,"column":0},"end":{"line":0,"column":0},"skip":true},"6":{"start":{"line":4,"column":0},"end":{"line":4,"column":0}},"7":{"start":{"line":0,"column":0},"end":{"line":0,"column":0},"skip":true},"8":{"start":{"line":0,"column":0},"end":{"line":0,"column":0},"skip":true},"9":{"start":{"line":5,"column":0},"end":{"line":5,"column":0}},"10":{"start":{"line":6,"column":4},"end":{"line":6,"column":4}},"11":{"start":{"line":8,"column":4},"end":{"line":8,"column":4}},"12":{"start":{"line":9,"column":8},"end":{"line":13,"column":9}},"13":{"start":{"line":10,"column":12},"end":{"line":10,"column":12}},"14":{"start":{"line":11,"column":12},"end":{"line":11,"column":12}},"15":{"start":{"line":12,"column":12},"end":{"line":12,"column":12}},"16":{"start":{"line":14,"column":8},"end":{"line":14,"column":8}},"17":{"start":{"line":15,"column":8},"end":{"line":15,"column":8}},"18":{"start":{"line":16,"column":8},"end":{"line":16,"column":8}},"19":{"start":{"line":17,"column":8},"end":{"line":17,"column":8}},"20":{"start":{"line":19,"column":4},"end":{"line":19,"column":4}},"21":{"start":{"line":20,"column":8},"end":{"line":23,"column":9}},"22":{"start":{"line":21,"column":12},"end":{"line":21,"column":12}},"23":{"start":{"line":22,"column":12},"end":{"line":22,"column":12}},"24":{"start":{"line":25,"column":4},"end":{"line":25,"column":4}},"25":{"start":{"line":26,"column":8},"end":{"line":26,"column":8}},"26":{"start":{"line":31,"column":8},"end":{"line":31,"column":8}},"27":{"start":{"line":32,"column":12},"end":{"line":32,"column":12}},"28":{"start":{"line":36,"column":4},"end":{"line":36,"column":4}},"29":{"start":{"line":37,"column":8},"end":{"line":37,"column":8}},"30":{"start":{"line":38,"column":12},"end":{"line":38,"column":12}},"31":{"start":{"line":42,"column":4},"end":{"line":42,"column":4}},"32":{"start":{"line":43,"column":8},"end":{"line":43,"column":8}},"33":{"start":{"line":44,"column":8},"end":{"line":44,"column":8}},"34":{"start":{"line":48,"column":8},"end":{"line":48,"column":8}},"35":{"start":{"line":50,"column":4},"end":{"line":50,"column":4}},"36":{"start":{"line":51,"column":8},"end":{"line":51,"column":8}},"37":{"start":{"line":52,"column":8},"end":{"line":52,"column":8}},"38":{"start":{"line":56,"column":8},"end":{"line":56,"column":8}},"39":{"start":{"line":58,"column":4},"end":{"line":58,"column":4}},"40":{"start":{"line":59,"column":8},"end":{"line":59,"column":8}},"41":{"start":{"line":60,"column":8},"end":{"line":60,"column":8}},"42":{"start":{"line":61,"column":8},"end":{"line":61,"column":8}},"43":{"start":{"line":62,"column":8},"end":{"line":62,"column":8}},"44":{"start":{"line":63,"column":8},"end":{"line":63,"column":8}},"45":{"start":{"line":64,"column":8},"end":{"line":64,"column":8}}},"branchMap":{"1":{"line":15,"type":"cond-expr","locations":[{"start":{"line":0,"column":0},"end":{"line":0,"column":0},"skip":true},{"start":{"line":0,"column":0},"end":{"line":0,"column":0},"skip":true}]},"2":{"line":15,"type":"binary-expr","locations":[{"start":{"line":0,"column":0},"end":{"line":0,"column":0},"skip":true},{"start":{"line":0,"column":0},"end":{"line":0,"column":0},"skip":true}]},"3":{"line":24,"type":"if","locations":[{"start":{"line":9,"column":8},"end":{"line":9,"column":8}},{"start":{"line":9,"column":8},"end":{"line":9,"column":8}}]},"4":{"line":35,"type":"if","locations":[{"start":{"line":20,"column":8},"end":{"line":20,"column":8}},{"start":{"line":20,"column":8},"end":{"line":20,"column":8}}]}}},"/Users/will/Documents/Comp531/hw6/src/components/app.js":{"path":"/Users/will/Documents/Comp531/hw6/src/components/app.js","s":{"1":1,"2":1,"3":1,"4":1,"5":1,"6":1,"7":1,"8":1,"9":1,"10":1,"11":1,"12":1,"13":1,"14":5,"15":1,"16":0,"17":0,"18":0,"19":0,"20":0,"21":0,"22":0,"23":0,"24":1,"25":0},"b":{"1":[4,1],"2":[5,5],"3":[0,0],"4":[0,0]},"f":{"1":5,"2":0,"3":0},"fnMap":{"1":{"name":"_interopRequireDefault","line":29,"loc":{"start":{"line":0,"column":0},"end":{"line":0,"column":0},"skip":true},"skip":true},"2":{"name":"App","line":31,"loc":{"start":{"line":9,"column":12},"end":{"line":9,"column":28}}},"3":{"name":"(anonymous_3)","line":50,"loc":{"start":{"line":26,"column":23},"end":{"line":26,"column":34}}}},"statementMap":{"1":{"start":{"line":0,"column":0},"end":{"line":0,"column":0},"skip":true},"2":{"start":{"line":1,"column":-15},"end":{"line":1,"column":-15}},"3":{"start":{"line":0,"column":0},"end":{"line":0,"column":0},"skip":true},"4":{"start":{"line":2,"column":0},"end":{"line":2,"column":0}},"5":{"start":{"line":4,"column":0},"end":{"line":4,"column":0}},"6":{"start":{"line":0,"column":0},"end":{"line":0,"column":0},"skip":true},"7":{"start":{"line":5,"column":0},"end":{"line":5,"column":0}},"8":{"start":{"line":0,"column":0},"end":{"line":0,"column":0},"skip":true},"9":{"start":{"line":6,"column":0},"end":{"line":6,"column":0}},"10":{"start":{"line":0,"column":0},"end":{"line":0,"column":0},"skip":true},"11":{"start":{"line":7,"column":0},"end":{"line":7,"column":0}},"12":{"start":{"line":0,"column":0},"end":{"line":0,"column":0},"skip":true},"13":{"start":{"line":0,"column":0},"end":{"line":0,"column":0},"skip":true},"14":{"start":{"line":0,"column":0},"end":{"line":0,"column":0},"skip":true},"15":{"start":{"line":9,"column":0},"end":{"line":9,"column":0}},"16":{"start":{"line":9,"column":28},"end":{"line":9,"column":28}},"17":{"start":{"line":10,"column":4},"end":{"line":10,"column":4}},"18":{"start":{"line":11,"column":4},"end":{"line":17,"column":5}},"19":{"start":{"line":12,"column":8},"end":{"line":12,"column":8}},"20":{"start":{"line":13,"column":11},"end":{"line":17,"column":5}},"21":{"start":{"line":14,"column":8},"end":{"line":14,"column":8}},"22":{"start":{"line":16,"column":8},"end":{"line":16,"column":8}},"23":{"start":{"line":18,"column":4},"end":{"line":18,"column":4}},"24":{"start":{"line":0,"column":0},"end":{"line":0,"column":0},"skip":true},"25":{"start":{"line":27,"column":4},"end":{"line":27,"column":4}}},"branchMap":{"1":{"line":29,"type":"cond-expr","locations":[{"start":{"line":0,"column":0},"end":{"line":0,"column":0},"skip":true},{"start":{"line":0,"column":0},"end":{"line":0,"column":0},"skip":true}]},"2":{"line":29,"type":"binary-expr","locations":[{"start":{"line":0,"column":0},"end":{"line":0,"column":0},"skip":true},{"start":{"line":0,"column":0},"end":{"line":0,"column":0},"skip":true}]},"3":{"line":35,"type":"if","locations":[{"start":{"line":11,"column":4},"end":{"line":11,"column":4}},{"start":{"line":11,"column":4},"end":{"line":11,"column":4}}]},"4":{"line":37,"type":"if","locations":[{"start":{"line":13,"column":11},"end":{"line":13,"column":11}},{"start":{"line":13,"column":11},"end":{"line":13,"column":11}}]}}},"/Users/will/Documents/Comp531/hw6/src/components/main/main.js":{"path":"/Users/will/Documents/Comp531/hw6/src/components/main/main.js","s":{"1":1,"2":1,"3":1,"4":1,"5":1,"6":1,"7":1,"8":1,"9":1,"10":1,"11":4,"12":1,"13":0,"14":1},"b":{"1":[3,1],"2":[4,4]},"f":{"1":4,"2":0},"fnMap":{"1":{"name":"_interopRequireDefault","line":23,"loc":{"start":{"line":0,"column":0},"end":{"line":0,"column":0},"skip":true},"skip":true},"2":{"name":"Main","line":25,"loc":{"start":{"line":6,"column":13},"end":{"line":6,"column":13}}}},"statementMap":{"1":{"start":{"line":0,"column":0},"end":{"line":0,"column":0},"skip":true},"2":{"start":{"line":1,"column":-15},"end":{"line":1,"column":-15}},"3":{"start":{"line":0,"column":0},"end":{"line":0,"column":0},"skip":true},"4":{"start":{"line":2,"column":0},"end":{"line":2,"column":0}},"5":{"start":{"line":0,"column":0},"end":{"line":0,"column":0},"skip":true},"6":{"start":{"line":3,"column":0},"end":{"line":3,"column":0}},"7":{"start":{"line":0,"column":0},"end":{"line":0,"column":0},"skip":true},"8":{"start":{"line":4,"column":0},"end":{"line":4,"column":0}},"9":{"start":{"line":0,"column":0},"end":{"line":0,"column":0},"skip":true},"10":{"start":{"line":0,"column":0},"end":{"line":0,"column":0},"skip":true},"11":{"start":{"line":0,"column":0},"end":{"line":0,"column":0},"skip":true},"12":{"start":{"line":6,"column":0},"end":{"line":6,"column":0}},"13":{"start":{"line":6,"column":13},"end":{"line":6,"column":13}},"14":{"start":{"line":0,"column":0},"end":{"line":0,"column":0},"skip":true}},"branchMap":{"1":{"line":23,"type":"cond-expr","locations":[{"start":{"line":0,"column":0},"end":{"line":0,"column":0},"skip":true},{"start":{"line":0,"column":0},"end":{"line":0,"column":0},"skip":true}]},"2":{"line":23,"type":"binary-expr","locations":[{"start":{"line":0,"column":0},"end":{"line":0,"column":0},"skip":true},{"start":{"line":0,"column":0},"end":{"line":0,"column":0},"skip":true}]}}},"/Users/will/Documents/Comp531/hw6/src/components/main/headline.js":{"path":"/Users/will/Documents/Comp531/hw6/src/components/main/headline.js","s":{"1":1,"2":1,"3":1,"4":1,"5":1,"6":1,"7":1,"8":1,"9":0,"10":0,"11":0,"12":0,"13":0,"14":0,"15":1,"16":0},"b":{"1":[0,1],"2":[1,1]},"f":{"1":1,"2":0,"3":0,"4":0,"5":0},"fnMap":{"1":{"name":"_interopRequireDefault","line":15,"loc":{"start":{"line":0,"column":0},"end":{"line":0,"column":0},"skip":true},"skip":true},"2":{"name":"Headline","line":17,"loc":{"start":{"line":6,"column":16},"end":{"line":6,"column":55}}},"3":{"name":"ref","line":44,"loc":{"start":{"line":17,"column":30},"end":{"line":17,"column":40}}},"4":{"name":"onClick","line":52,"loc":{"start":{"line":21,"column":41},"end":{"line":21,"column":47}}},"5":{"name":"(anonymous_5)","line":61,"loc":{"start":{"line":32,"column":4},"end":{"line":32,"column":15}}}},"statementMap":{"1":{"start":{"line":0,"column":0},"end":{"line":0,"column":0},"skip":true},"2":{"start":{"line":1,"column":-15},"end":{"line":1,"column":-15}},"3":{"start":{"line":0,"column":0},"end":{"line":0,"column":0},"skip":true},"4":{"start":{"line":2,"column":0},"end":{"line":2,"column":0}},"5":{"start":{"line":3,"column":0},"end":{"line":3,"column":0}},"6":{"start":{"line":0,"column":0},"end":{"line":0,"column":0},"skip":true},"7":{"start":{"line":0,"column":0},"end":{"line":0,"column":0},"skip":true},"8":{"start":{"line":6,"column":0},"end":{"line":6,"column":0}},"9":{"start":{"line":6,"column":55},"end":{"line":6,"column":55}},"10":{"start":{"line":7,"column":4},"end":{"line":7,"column":4}},"11":{"start":{"line":8,"column":4},"end":{"line":8,"column":4}},"12":{"start":{"line":17,"column":41},"end":{"line":17,"column":41}},"13":{"start":{"line":22,"column":36},"end":{"line":22,"column":36}},"14":{"start":{"line":23,"column":36},"end":{"line":23,"column":36}},"15":{"start":{"line":0,"column":0},"end":{"line":0,"column":0},"skip":true},"16":{"start":{"line":33,"column":8},"end":{"line":33,"column":8}}},"branchMap":{"1":{"line":15,"type":"cond-expr","locations":[{"start":{"line":0,"column":0},"end":{"line":0,"column":0},"skip":true},{"start":{"line":0,"column":0},"end":{"line":0,"column":0},"skip":true}]},"2":{"line":15,"type":"binary-expr","locations":[{"start":{"line":0,"column":0},"end":{"line":0,"column":0},"skip":true},{"start":{"line":0,"column":0},"end":{"line":0,"column":0},"skip":true}]}}},"/Users/will/Documents/Comp531/hw6/src/components/profile/profileActions.js":{"path":"/Users/will/Documents/Comp531/hw6/src/components/profile/profileActions.js","s":{"1":1,"2":1,"3":1,"4":1,"5":1,"6":1,"7":1,"8":1,"9":1,"10":1,"11":1,"12":0,"13":0,"14":0,"15":0,"16":0,"17":0,"18":1,"19":0,"20":0,"21":0,"22":1,"23":0,"24":0,"25":0,"26":0,"27":0,"28":0,"29":0,"30":0,"31":1,"32":1,"33":1,"34":1,"35":1,"36":1,"37":1,"38":0,"39":0,"40":0,"41":0,"42":0,"43":0,"44":0,"45":0,"46":0,"47":0,"48":0,"49":0,"50":0,"51":0,"52":0,"53":0,"54":0,"55":0,"56":1,"57":4,"58":0,"59":0,"60":0,"61":0,"62":0,"63":0,"64":0,"65":0,"66":0,"67":0,"68":0,"69":0,"70":1,"71":0,"72":0,"73":0,"74":0,"75":0},"b":{"1":[1,0],"2":[1,1],"3":[0,0],"4":[0,0],"5":[0,0],"6":[0,0],"7":[0,0,0],"8":[0,0],"9":[0,0,0,0]},"f":{"1":1,"2":0,"3":0,"4":0,"5":0,"6":0,"7":0,"8":0,"9":0,"10":0,"11":1,"12":1,"13":0,"14":0,"15":0,"16":4,"17":0,"18":0,"19":0,"20":0,"21":0,"22":0},"fnMap":{"1":{"name":"_interopRequireDefault","line":16,"loc":{"start":{"line":0,"column":0},"end":{"line":0,"column":0},"skip":true},"skip":true},"2":{"name":"updateHeadline","line":18,"loc":{"start":{"line":3,"column":7},"end":{"line":3,"column":41}}},"3":{"name":"(anonymous_3)","line":20,"loc":{"start":{"line":5,"column":11},"end":{"line":5,"column":25}}},"4":{"name":"(anonymous_4)","line":21,"loc":{"start":{"line":7,"column":14},"end":{"line":7,"column":28}}},"5":{"name":"(anonymous_5)","line":24,"loc":{"start":{"line":11,"column":15},"end":{"line":11,"column":22}}},"6":{"name":"fetchHeadline","line":30,"loc":{"start":{"line":17,"column":7},"end":{"line":17,"column":40}}},"7":{"name":"(anonymous_7)","line":31,"loc":{"start":{"line":18,"column":11},"end":{"line":18,"column":25}}},"8":{"name":"(anonymous_8)","line":32,"loc":{"start":{"line":19,"column":81},"end":{"line":19,"column":86}}},"9":{"name":"updateProfile","line":38,"loc":{"start":{"line":25,"column":7},"end":{"line":25,"column":39}}},"10":{"name":"(anonymous_10)","line":39,"loc":{"start":{"line":26,"column":11},"end":{"line":26,"column":25}}},"11":{"name":"fetchProfile","line":53,"loc":{"start":{"line":40,"column":7},"end":{"line":40,"column":31}}},"12":{"name":"(anonymous_12)","line":54,"loc":{"start":{"line":41,"column":11},"end":{"line":41,"column":25}}},"13":{"name":"updateField","line":62,"loc":{"start":{"line":50,"column":0},"end":{"line":50,"column":35}}},"14":{"name":"(anonymous_14)","line":63,"loc":{"start":{"line":51,"column":11},"end":{"line":51,"column":25}}},"15":{"name":"(anonymous_15)","line":78,"loc":{"start":{"line":65,"column":18},"end":{"line":65,"column":23}}},"16":{"name":"fetchField","line":90,"loc":{"start":{"line":81,"column":0},"end":{"line":81,"column":27}}},"17":{"name":"(anonymous_17)","line":91,"loc":{"start":{"line":82,"column":11},"end":{"line":82,"column":25}}},"18":{"name":"(anonymous_18)","line":94,"loc":{"start":{"line":86,"column":14},"end":{"line":86,"column":19}}},"19":{"name":"uploadImage","line":110,"loc":{"start":{"line":103,"column":25},"end":{"line":103,"column":32}}},"20":{"name":"(anonymous_20)","line":111,"loc":{"start":{"line":104,"column":11},"end":{"line":104,"column":23}}},"21":{"name":"(anonymous_21)","line":112,"loc":{"start":{"line":106,"column":14},"end":{"line":106,"column":26}}},"22":{"name":"(anonymous_22)","line":115,"loc":{"start":{"line":109,"column":17},"end":{"line":109,"column":24}}}},"statementMap":{"1":{"start":{"line":0,"column":0},"end":{"line":0,"column":0},"skip":true},"2":{"start":{"line":0,"column":0},"end":{"line":0,"column":0},"skip":true},"3":{"start":{"line":0,"column":0},"end":{"line":0,"column":0},"skip":true},"4":{"start":{"line":0,"column":0},"end":{"line":0,"column":0},"skip":true},"5":{"start":{"line":0,"column":0},"end":{"line":0,"column":0},"skip":true},"6":{"start":{"line":0,"column":0},"end":{"line":0,"column":0},"skip":true},"7":{"start":{"line":1,"column":-15},"end":{"line":1,"column":-15}},"8":{"start":{"line":0,"column":0},"end":{"line":0,"column":0},"skip":true},"9":{"start":{"line":0,"column":0},"end":{"line":0,"column":0},"skip":true},"10":{"start":{"line":0,"column":0},"end":{"line":0,"column":0},"skip":true},"11":{"start":{"line":3,"column":7},"end":{"line":15,"column":1}},"12":{"start":{"line":4,"column":4},"end":{"line":4,"column":4}},"13":{"start":{"line":5,"column":4},"end":{"line":5,"column":4}},"14":{"start":{"line":6,"column":8},"end":{"line":6,"column":8}},"15":{"start":{"line":8,"column":12},"end":{"line":8,"column":12}},"16":{"start":{"line":9,"column":12},"end":{"line":9,"column":12}},"17":{"start":{"line":12,"column":12},"end":{"line":12,"column":12}},"18":{"start":{"line":17,"column":7},"end":{"line":23,"column":1}},"19":{"start":{"line":18,"column":4},"end":{"line":18,"column":4}},"20":{"start":{"line":19,"column":8},"end":{"line":19,"column":8}},"21":{"start":{"line":20,"column":12},"end":{"line":20,"column":12}},"22":{"start":{"line":25,"column":7},"end":{"line":38,"column":1}},"23":{"start":{"line":26,"column":4},"end":{"line":26,"column":4}},"24":{"start":{"line":29,"column":8},"end":{"line":32,"column":9}},"25":{"start":{"line":30,"column":12},"end":{"line":30,"column":12}},"26":{"start":{"line":31,"column":12},"end":{"line":31,"column":12}},"27":{"start":{"line":33,"column":8},"end":{"line":33,"column":8}},"28":{"start":{"line":34,"column":8},"end":{"line":34,"column":8}},"29":{"start":{"line":35,"column":8},"end":{"line":35,"column":8}},"30":{"start":{"line":36,"column":8},"end":{"line":36,"column":8}},"31":{"start":{"line":40,"column":7},"end":{"line":48,"column":1}},"32":{"start":{"line":41,"column":4},"end":{"line":41,"column":4}},"33":{"start":{"line":42,"column":8},"end":{"line":42,"column":8}},"34":{"start":{"line":43,"column":8},"end":{"line":43,"column":8}},"35":{"start":{"line":44,"column":8},"end":{"line":44,"column":8}},"36":{"start":{"line":45,"column":8},"end":{"line":45,"column":8}},"37":{"start":{"line":50,"column":0},"end":{"line":79,"column":1}},"38":{"start":{"line":51,"column":4},"end":{"line":51,"column":4}},"39":{"start":{"line":53,"column":8},"end":{"line":53,"column":8}},"40":{"start":{"line":55,"column":8},"end":{"line":56,"column":12}},"41":{"start":{"line":56,"column":12},"end":{"line":56,"column":12}},"42":{"start":{"line":57,"column":8},"end":{"line":75,"column":9}},"43":{"start":{"line":58,"column":12},"end":{"line":58,"column":12}},"44":{"start":{"line":59,"column":12},"end":{"line":59,"column":12}},"45":{"start":{"line":60,"column":30},"end":{"line":60,"column":53}},"46":{"start":{"line":60,"column":53},"end":{"line":60,"column":53}},"47":{"start":{"line":61,"column":32},"end":{"line":61,"column":57}},"48":{"start":{"line":61,"column":57},"end":{"line":61,"column":57}},"49":{"start":{"line":62,"column":33},"end":{"line":62,"column":59}},"50":{"start":{"line":62,"column":59},"end":{"line":62,"column":59}},"51":{"start":{"line":64,"column":12},"end":{"line":64,"column":12}},"52":{"start":{"line":66,"column":16},"end":{"line":66,"column":16}},"53":{"start":{"line":67,"column":16},"end":{"line":72,"column":17}},"54":{"start":{"line":68,"column":20},"end":{"line":68,"column":20}},"55":{"start":{"line":71,"column":20},"end":{"line":71,"column":20}},"56":{"start":{"line":81,"column":0},"end":{"line":101,"column":1}},"57":{"start":{"line":82,"column":4},"end":{"line":82,"column":4}},"58":{"start":{"line":84,"column":8},"end":{"line":84,"column":8}},"59":{"start":{"line":85,"column":8},"end":{"line":85,"column":8}},"60":{"start":{"line":87,"column":12},"end":{"line":87,"column":12}},"61":{"start":{"line":89,"column":20},"end":{"line":89,"column":57}},"62":{"start":{"line":89,"column":57},"end":{"line":89,"column":57}},"63":{"start":{"line":91,"column":20},"end":{"line":91,"column":44}},"64":{"start":{"line":91,"column":44},"end":{"line":91,"column":44}},"65":{"start":{"line":93,"column":20},"end":{"line":93,"column":48}},"66":{"start":{"line":93,"column":48},"end":{"line":93,"column":48}},"67":{"start":{"line":95,"column":20},"end":{"line":95,"column":40}},"68":{"start":{"line":95,"column":40},"end":{"line":95,"column":40}},"69":{"start":{"line":97,"column":12},"end":{"line":97,"column":12}},"70":{"start":{"line":103,"column":7},"end":{"line":103,"column":7}},"71":{"start":{"line":104,"column":4},"end":{"line":104,"column":4}},"72":{"start":{"line":105,"column":8},"end":{"line":105,"column":8}},"73":{"start":{"line":107,"column":12},"end":{"line":107,"column":12}},"74":{"start":{"line":108,"column":12},"end":{"line":108,"column":12}},"75":{"start":{"line":110,"column":12},"end":{"line":110,"column":12}}},"branchMap":{"1":{"line":16,"type":"cond-expr","locations":[{"start":{"line":0,"column":0},"end":{"line":0,"column":0},"skip":true},{"start":{"line":0,"column":0},"end":{"line":0,"column":0},"skip":true}]},"2":{"line":16,"type":"binary-expr","locations":[{"start":{"line":0,"column":0},"end":{"line":0,"column":0},"skip":true},{"start":{"line":0,"column":0},"end":{"line":0,"column":0},"skip":true}]},"3":{"line":32,"type":"cond-expr","locations":[{"start":{"line":19,"column":30},"end":{"line":19,"column":30}},{"start":{"line":19,"column":63},"end":{"line":19,"column":15}}]},"4":{"line":42,"type":"if","locations":[{"start":{"line":29,"column":8},"end":{"line":29,"column":8}},{"start":{"line":29,"column":8},"end":{"line":29,"column":8}}]},"5":{"line":67,"type":"if","locations":[{"start":{"line":55,"column":8},"end":{"line":55,"column":8}},{"start":{"line":55,"column":8},"end":{"line":55,"column":8}}]},"6":{"line":68,"type":"if","locations":[{"start":{"line":57,"column":8},"end":{"line":57,"column":8}},{"start":{"line":57,"column":8},"end":{"line":57,"column":8}}]},"7":{"line":70,"type":"switch","locations":[{"start":{"line":60,"column":16},"end":{"line":60,"column":53}},{"start":{"line":61,"column":16},"end":{"line":61,"column":57}},{"start":{"line":62,"column":16},"end":{"line":62,"column":59}}]},"8":{"line":80,"type":"if","locations":[{"start":{"line":67,"column":16},"end":{"line":67,"column":16}},{"start":{"line":67,"column":16},"end":{"line":67,"column":16}}]},"9":{"line":95,"type":"switch","locations":[{"start":{"line":88,"column":16},"end":{"line":89,"column":57}},{"start":{"line":90,"column":16},"end":{"line":91,"column":44}},{"start":{"line":92,"column":16},"end":{"line":93,"column":48}},{"start":{"line":94,"column":16},"end":{"line":95,"column":40}}]}}},"/Users/will/Documents/Comp531/hw6/src/components/main/following.js":{"path":"/Users/will/Documents/Comp531/hw6/src/components/main/following.js","s":{"1":1,"2":1,"3":1,"4":1,"5":1,"6":1,"7":1,"8":1,"9":0,"10":0,"11":0,"12":1,"13":0,"14":0,"15":0,"16":0,"17":0,"18":0,"19":0,"20":0,"21":0,"22":1,"23":0},"b":{"1":[0,1],"2":[1,1],"3":[0,0],"4":[0,0,0],"5":[0,0]},"f":{"1":1,"2":0,"3":0,"4":0,"5":0,"6":0,"7":0,"8":0,"9":0},"fnMap":{"1":{"name":"_interopRequireDefault","line":15,"loc":{"start":{"line":0,"column":0},"end":{"line":0,"column":0},"skip":true},"skip":true},"2":{"name":"Follower","line":17,"loc":{"start":{"line":6,"column":17},"end":{"line":6,"column":17}}},"3":{"name":"onClick","line":60,"loc":{"start":{"line":17,"column":82},"end":{"line":17,"column":88}}},"4":{"name":"Following","line":67,"loc":{"start":{"line":24,"column":18},"end":{"line":24,"column":48}}},"5":{"name":"(anonymous_5)","line":79,"loc":{"start":{"line":30,"column":47},"end":{"line":30,"column":47}}},"6":{"name":"(anonymous_6)","line":81,"loc":{"start":{"line":30,"column":72},"end":{"line":30,"column":72}}},"7":{"name":"ref","line":91,"loc":{"start":{"line":38,"column":29},"end":{"line":38,"column":29}}},"8":{"name":"onClick","line":95,"loc":{"start":{"line":41,"column":33},"end":{"line":41,"column":39}}},"9":{"name":"(anonymous_9)","line":111,"loc":{"start":{"line":62,"column":4},"end":{"line":62,"column":15}}}},"statementMap":{"1":{"start":{"line":0,"column":0},"end":{"line":0,"column":0},"skip":true},"2":{"start":{"line":1,"column":-15},"end":{"line":1,"column":-15}},"3":{"start":{"line":0,"column":0},"end":{"line":0,"column":0},"skip":true},"4":{"start":{"line":2,"column":0},"end":{"line":2,"column":0}},"5":{"start":{"line":4,"column":0},"end":{"line":4,"column":0}},"6":{"start":{"line":0,"column":0},"end":{"line":0,"column":0},"skip":true},"7":{"start":{"line":0,"column":0},"end":{"line":0,"column":0},"skip":true},"8":{"start":{"line":6,"column":0},"end":{"line":6,"column":0}},"9":{"start":{"line":6,"column":17},"end":{"line":6,"column":17}},"10":{"start":{"line":6,"column":17},"end":{"line":6,"column":17}},"11":{"start":{"line":18,"column":16},"end":{"line":18,"column":16}},"12":{"start":{"line":24,"column":0},"end":{"line":24,"column":0}},"13":{"start":{"line":24,"column":48},"end":{"line":24,"column":48}},"14":{"start":{"line":25,"column":4},"end":{"line":25,"column":4}},"15":{"start":{"line":26,"column":4},"end":{"line":26,"column":4}},"16":{"start":{"line":30,"column":47},"end":{"line":30,"column":47}},"17":{"start":{"line":30,"column":72},"end":{"line":30,"column":72}},"18":{"start":{"line":38,"column":29},"end":{"line":38,"column":29}},"19":{"start":{"line":42,"column":28},"end":{"line":45,"column":29}},"20":{"start":{"line":43,"column":32},"end":{"line":43,"column":32}},"21":{"start":{"line":44,"column":32},"end":{"line":44,"column":32}},"22":{"start":{"line":0,"column":0},"end":{"line":0,"column":0},"skip":true},"23":{"start":{"line":63,"column":8},"end":{"line":63,"column":8}}},"branchMap":{"1":{"line":15,"type":"cond-expr","locations":[{"start":{"line":0,"column":0},"end":{"line":0,"column":0},"skip":true},{"start":{"line":0,"column":0},"end":{"line":0,"column":0},"skip":true}]},"2":{"line":15,"type":"binary-expr","locations":[{"start":{"line":0,"column":0},"end":{"line":0,"column":0},"skip":true},{"start":{"line":0,"column":0},"end":{"line":0,"column":0},"skip":true}]},"3":{"line":96,"type":"if","locations":[{"start":{"line":42,"column":28},"end":{"line":42,"column":28}},{"start":{"line":42,"column":28},"end":{"line":42,"column":28}}]},"4":{"line":96,"type":"binary-expr","locations":[{"start":{"line":42,"column":33},"end":{"line":42,"column":33}},{"start":{"line":42,"column":48},"end":{"line":42,"column":33}},{"start":{"line":42,"column":69},"end":{"line":42,"column":28}}]},"5":{"line":102,"type":"cond-expr","locations":[{"start":{"line":49,"column":38},"end":{"line":49,"column":18}},{"start":{"line":50,"column":20},"end":{"line":50,"column":20}}]}}},"/Users/will/Documents/Comp531/hw6/src/components/main/followingActions.js":{"path":"/Users/will/Documents/Comp531/hw6/src/components/main/followingActions.js","s":{"1":1,"2":1,"3":1,"4":1,"5":1,"6":1,"7":1,"8":1,"9":1,"10":1,"11":2,"12":1,"13":0,"14":0,"15":0,"16":0,"17":1,"18":0,"19":0,"20":0,"21":0,"22":0,"23":0,"24":0,"25":0,"26":0,"27":0,"28":1,"29":0,"30":0,"31":0,"32":0,"33":0,"34":0,"35":0,"36":0,"37":0,"38":0,"39":0,"40":0,"41":0,"42":0,"43":0},"b":{"1":[1,1],"2":[2,2],"3":[0,0],"4":[0,0],"5":[0,0]},"f":{"1":2,"2":0,"3":0,"4":0,"5":0,"6":0,"7":0,"8":0,"9":0,"10":0,"11":0,"12":0,"13":0,"14":0,"15":0,"16":0,"17":0},"fnMap":{"1":{"name":"_interopRequireDefault","line":20,"loc":{"start":{"line":0,"column":0},"end":{"line":0,"column":0},"skip":true},"skip":true},"2":{"name":"delFollower","line":22,"loc":{"start":{"line":5,"column":7},"end":{"line":5,"column":34}}},"3":{"name":"(anonymous_3)","line":23,"loc":{"start":{"line":6,"column":8},"end":{"line":6,"column":20}}},"4":{"name":"(anonymous_4)","line":24,"loc":{"start":{"line":7,"column":50},"end":{"line":7,"column":55}}},"5":{"name":"addFollower","line":30,"loc":{"start":{"line":13,"column":7},"end":{"line":13,"column":34}}},"6":{"name":"(anonymous_6)","line":31,"loc":{"start":{"line":14,"column":8},"end":{"line":14,"column":20}}},"7":{"name":"(anonymous_7)","line":36,"loc":{"start":{"line":19,"column":47},"end":{"line":19,"column":52}}},"8":{"name":"fetchFollowers","line":47,"loc":{"start":{"line":30,"column":7},"end":{"line":30,"column":33}}},"9":{"name":"(anonymous_9)","line":48,"loc":{"start":{"line":31,"column":8},"end":{"line":31,"column":20}}},"10":{"name":"(anonymous_10)","line":50,"loc":{"start":{"line":34,"column":14},"end":{"line":34,"column":19}}},"11":{"name":"(anonymous_11)","line":52,"loc":{"start":{"line":36,"column":47},"end":{"line":36,"column":71}}},"12":{"name":"(anonymous_12)","line":58,"loc":{"start":{"line":44,"column":40},"end":{"line":44,"column":45}}},"13":{"name":"(anonymous_13)","line":59,"loc":{"start":{"line":45,"column":56},"end":{"line":45,"column":64}}},"14":{"name":"(anonymous_14)","line":63,"loc":{"start":{"line":50,"column":40},"end":{"line":50,"column":45}}},"15":{"name":"(anonymous_15)","line":64,"loc":{"start":{"line":51,"column":54},"end":{"line":51,"column":62}}},"16":{"name":"(anonymous_16)","line":69,"loc":{"start":{"line":57,"column":15},"end":{"line":57,"column":19}}},"17":{"name":"(anonymous_17)","line":72,"loc":{"start":{"line":61,"column":16},"end":{"line":61,"column":23}}}},"statementMap":{"1":{"start":{"line":0,"column":0},"end":{"line":0,"column":0},"skip":true},"2":{"start":{"line":0,"column":0},"end":{"line":0,"column":0},"skip":true},"3":{"start":{"line":0,"column":0},"end":{"line":0,"column":0},"skip":true},"4":{"start":{"line":0,"column":0},"end":{"line":0,"column":0},"skip":true},"5":{"start":{"line":1,"column":-15},"end":{"line":1,"column":-15}},"6":{"start":{"line":0,"column":0},"end":{"line":0,"column":0},"skip":true},"7":{"start":{"line":2,"column":0},"end":{"line":2,"column":0}},"8":{"start":{"line":3,"column":0},"end":{"line":3,"column":0}},"9":{"start":{"line":0,"column":0},"end":{"line":0,"column":0},"skip":true},"10":{"start":{"line":0,"column":0},"end":{"line":0,"column":0},"skip":true},"11":{"start":{"line":0,"column":0},"end":{"line":0,"column":0},"skip":true},"12":{"start":{"line":5,"column":7},"end":{"line":12,"column":1}},"13":{"start":{"line":6,"column":1},"end":{"line":6,"column":1}},"14":{"start":{"line":7,"column":8},"end":{"line":7,"column":8}},"15":{"start":{"line":8,"column":12},"end":{"line":8,"column":12}},"16":{"start":{"line":9,"column":12},"end":{"line":9,"column":12}},"17":{"start":{"line":13,"column":7},"end":{"line":28,"column":1}},"18":{"start":{"line":14,"column":1},"end":{"line":14,"column":1}},"19":{"start":{"line":15,"column":8},"end":{"line":18,"column":9}},"20":{"start":{"line":16,"column":12},"end":{"line":16,"column":12}},"21":{"start":{"line":17,"column":12},"end":{"line":17,"column":12}},"22":{"start":{"line":19,"column":8},"end":{"line":19,"column":8}},"23":{"start":{"line":20,"column":12},"end":{"line":23,"column":13}},"24":{"start":{"line":21,"column":16},"end":{"line":21,"column":16}},"25":{"start":{"line":22,"column":16},"end":{"line":22,"column":16}},"26":{"start":{"line":24,"column":12},"end":{"line":24,"column":12}},"27":{"start":{"line":25,"column":12},"end":{"line":25,"column":12}},"28":{"start":{"line":30,"column":7},"end":{"line":64,"column":1}},"29":{"start":{"line":31,"column":1},"end":{"line":31,"column":1}},"30":{"start":{"line":33,"column":8},"end":{"line":33,"column":8}},"31":{"start":{"line":36,"column":9},"end":{"line":36,"column":9}},"32":{"start":{"line":37,"column":17},"end":{"line":37,"column":17}},"33":{"start":{"line":38,"column":17},"end":{"line":38,"column":17}},"34":{"start":{"line":40,"column":9},"end":{"line":40,"column":9}},"35":{"start":{"line":43,"column":9},"end":{"line":43,"column":9}},"36":{"start":{"line":45,"column":36},"end":{"line":45,"column":36}},"37":{"start":{"line":46,"column":40},"end":{"line":46,"column":40}},"38":{"start":{"line":49,"column":9},"end":{"line":49,"column":9}},"39":{"start":{"line":51,"column":36},"end":{"line":51,"column":36}},"40":{"start":{"line":52,"column":40},"end":{"line":52,"column":40}},"41":{"start":{"line":56,"column":9},"end":{"line":56,"column":9}},"42":{"start":{"line":58,"column":13},"end":{"line":58,"column":13}},"43":{"start":{"line":61,"column":24},"end":{"line":61,"column":24}}},"branchMap":{"1":{"line":20,"type":"cond-expr","locations":[{"start":{"line":0,"column":0},"end":{"line":0,"column":0},"skip":true},{"start":{"line":0,"column":0},"end":{"line":0,"column":0},"skip":true}]},"2":{"line":20,"type":"binary-expr","locations":[{"start":{"line":0,"column":0},"end":{"line":0,"column":0},"skip":true},{"start":{"line":0,"column":0},"end":{"line":0,"column":0},"skip":true}]},"3":{"line":32,"type":"if","locations":[{"start":{"line":15,"column":8},"end":{"line":15,"column":8}},{"start":{"line":15,"column":8},"end":{"line":15,"column":8}}]},"4":{"line":32,"type":"binary-expr","locations":[{"start":{"line":15,"column":11},"end":{"line":15,"column":11}},{"start":{"line":15,"column":18},"end":{"line":15,"column":8}}]},"5":{"line":37,"type":"if","locations":[{"start":{"line":20,"column":12},"end":{"line":20,"column":12}},{"start":{"line":20,"column":12},"end":{"line":20,"column":12}}]}}},"/Users/will/Documents/Comp531/hw6/src/components/article/articleActions.js":{"path":"/Users/will/Documents/Comp531/hw6/src/components/article/articleActions.js","s":{"1":1,"2":1,"3":1,"4":1,"5":1,"6":1,"7":1,"8":1,"9":1,"10":1,"11":1,"12":1,"13":1,"14":1,"15":0,"16":0,"17":0,"18":0,"19":0,"20":0,"21":0,"22":1,"23":1,"24":0,"25":0,"26":0,"27":1,"28":0,"29":0,"30":0,"31":1,"32":0,"33":0,"34":0,"35":0,"36":0,"37":1,"38":0,"39":0,"40":1,"41":0,"42":0,"43":1,"44":0,"45":0,"46":1,"47":1},"b":{"1":[1,0],"2":[1,1],"3":[0,0],"4":[0,0]},"f":{"1":1,"2":0,"3":0,"4":0,"5":0,"6":1,"7":0,"8":0,"9":0,"10":0,"11":0,"12":0,"13":0,"14":0,"15":0,"16":0,"17":0,"18":0,"19":0,"20":0,"21":0,"22":1},"fnMap":{"1":{"name":"_interopRequireDefault","line":19,"loc":{"start":{"line":0,"column":0},"end":{"line":0,"column":0},"skip":true},"skip":true},"2":{"name":"fetchArticles","line":21,"loc":{"start":{"line":3,"column":7},"end":{"line":3,"column":32}}},"3":{"name":"(anonymous_3)","line":22,"loc":{"start":{"line":4,"column":8},"end":{"line":4,"column":8}}},"4":{"name":"(anonymous_4)","line":23,"loc":{"start":{"line":5,"column":14},"end":{"line":5,"column":26}}},"5":{"name":"(anonymous_5)","line":24,"loc":{"start":{"line":6,"column":54},"end":{"line":6,"column":71}}},"6":{"name":"uploadArticle","line":34,"loc":{"start":{"line":15,"column":7},"end":{"line":15,"column":34}}},"7":{"name":"(anonymous_7)","line":35,"loc":{"start":{"line":16,"column":8},"end":{"line":16,"column":20}}},"8":{"name":"(anonymous_8)","line":36,"loc":{"start":{"line":18,"column":14},"end":{"line":18,"column":26}}},"9":{"name":"(anonymous_9)","line":38,"loc":{"start":{"line":20,"column":17},"end":{"line":20,"column":24}}},"10":{"name":"updateArticle","line":44,"loc":{"start":{"line":26,"column":7},"end":{"line":26,"column":41}}},"11":{"name":"(anonymous_11)","line":45,"loc":{"start":{"line":27,"column":11},"end":{"line":27,"column":25}}},"12":{"name":"(anonymous_12)","line":46,"loc":{"start":{"line":29,"column":14},"end":{"line":29,"column":18}}},"13":{"name":"updateComment","line":52,"loc":{"start":{"line":35,"column":7},"end":{"line":35,"column":54}}},"14":{"name":"(anonymous_14)","line":55,"loc":{"start":{"line":36,"column":11},"end":{"line":36,"column":25}}},"15":{"name":"(anonymous_15)","line":56,"loc":{"start":{"line":38,"column":14},"end":{"line":38,"column":26}}},"16":{"name":"toggleShowComments","line":63,"loc":{"start":{"line":46,"column":7},"end":{"line":46,"column":39}}},"17":{"name":"(anonymous_17)","line":64,"loc":{"start":{"line":47,"column":15},"end":{"line":47,"column":27}}},"18":{"name":"toggleShowAddComment","line":69,"loc":{"start":{"line":52,"column":7},"end":{"line":52,"column":41}}},"19":{"name":"(anonymous_19)","line":70,"loc":{"start":{"line":53,"column":15},"end":{"line":53,"column":27}}},"20":{"name":"toggleEditMode","line":75,"loc":{"start":{"line":58,"column":7},"end":{"line":58,"column":35}}},"21":{"name":"(anonymous_21)","line":76,"loc":{"start":{"line":59,"column":15},"end":{"line":59,"column":27}}},"22":{"name":"searchKeyword","line":80,"loc":{"start":{"line":63,"column":7},"end":{"line":63,"column":39}}}},"statementMap":{"1":{"start":{"line":0,"column":0},"end":{"line":0,"column":0},"skip":true},"2":{"start":{"line":0,"column":0},"end":{"line":0,"column":0},"skip":true},"3":{"start":{"line":0,"column":0},"end":{"line":0,"column":0},"skip":true},"4":{"start":{"line":0,"column":0},"end":{"line":0,"column":0},"skip":true},"5":{"start":{"line":0,"column":0},"end":{"line":0,"column":0},"skip":true},"6":{"start":{"line":0,"column":0},"end":{"line":0,"column":0},"skip":true},"7":{"start":{"line":0,"column":0},"end":{"line":0,"column":0},"skip":true},"8":{"start":{"line":0,"column":0},"end":{"line":0,"column":0},"skip":true},"9":{"start":{"line":0,"column":0},"end":{"line":0,"column":0},"skip":true},"10":{"start":{"line":1,"column":-15},"end":{"line":1,"column":-15}},"11":{"start":{"line":0,"column":0},"end":{"line":0,"column":0},"skip":true},"12":{"start":{"line":0,"column":0},"end":{"line":0,"column":0},"skip":true},"13":{"start":{"line":0,"column":0},"end":{"line":0,"column":0},"skip":true},"14":{"start":{"line":3,"column":7},"end":{"line":13,"column":1}},"15":{"start":{"line":4,"column":1},"end":{"line":4,"column":1}},"16":{"start":{"line":4,"column":8},"end":{"line":4,"column":8}},"17":{"start":{"line":6,"column":12},"end":{"line":6,"column":12}},"18":{"start":{"line":7,"column":13},"end":{"line":7,"column":13}},"19":{"start":{"line":8,"column":16},"end":{"line":8,"column":16}},"20":{"start":{"line":9,"column":16},"end":{"line":9,"column":16}},"21":{"start":{"line":11,"column":12},"end":{"line":11,"column":12}},"22":{"start":{"line":15,"column":7},"end":{"line":24,"column":1}},"23":{"start":{"line":16,"column":1},"end":{"line":16,"column":1}},"24":{"start":{"line":17,"column":8},"end":{"line":17,"column":8}},"25":{"start":{"line":19,"column":12},"end":{"line":19,"column":12}},"26":{"start":{"line":21,"column":12},"end":{"line":21,"column":12}},"27":{"start":{"line":26,"column":7},"end":{"line":33,"column":1}},"28":{"start":{"line":27,"column":4},"end":{"line":27,"column":4}},"29":{"start":{"line":28,"column":8},"end":{"line":28,"column":8}},"30":{"start":{"line":30,"column":12},"end":{"line":30,"column":12}},"31":{"start":{"line":35,"column":7},"end":{"line":44,"column":1}},"32":{"start":{"line":35,"column":54},"end":{"line":35,"column":54}},"33":{"start":{"line":36,"column":4},"end":{"line":36,"column":4}},"34":{"start":{"line":37,"column":8},"end":{"line":37,"column":8}},"35":{"start":{"line":39,"column":12},"end":{"line":39,"column":12}},"36":{"start":{"line":40,"column":12},"end":{"line":40,"column":12}},"37":{"start":{"line":46,"column":7},"end":{"line":50,"column":1}},"38":{"start":{"line":47,"column":8},"end":{"line":47,"column":8}},"39":{"start":{"line":48,"column":12},"end":{"line":48,"column":12}},"40":{"start":{"line":52,"column":7},"end":{"line":56,"column":1}},"41":{"start":{"line":53,"column":8},"end":{"line":53,"column":8}},"42":{"start":{"line":54,"column":12},"end":{"line":54,"column":12}},"43":{"start":{"line":58,"column":7},"end":{"line":62,"column":1}},"44":{"start":{"line":59,"column":8},"end":{"line":59,"column":8}},"45":{"start":{"line":60,"column":12},"end":{"line":60,"column":12}},"46":{"start":{"line":63,"column":7},"end":{"line":65,"column":1}},"47":{"start":{"line":64,"column":1},"end":{"line":64,"column":1}}},"branchMap":{"1":{"line":19,"type":"cond-expr","locations":[{"start":{"line":0,"column":0},"end":{"line":0,"column":0},"skip":true},{"start":{"line":0,"column":0},"end":{"line":0,"column":0},"skip":true}]},"2":{"line":19,"type":"binary-expr","locations":[{"start":{"line":0,"column":0},"end":{"line":0,"column":0},"skip":true},{"start":{"line":0,"column":0},"end":{"line":0,"column":0},"skip":true}]},"3":{"line":53,"type":"cond-expr","locations":[{"start":{"line":35,"column":54},"end":{"line":35,"column":54}},{"start":{"line":35,"column":51},"end":{"line":35,"column":54}}]},"4":{"line":53,"type":"binary-expr","locations":[{"start":{"line":35,"column":54},"end":{"line":35,"column":54}},{"start":{"line":35,"column":54},"end":{"line":35,"column":54}}]}}},"/Users/will/Documents/Comp531/hw6/src/components/article/articlesView.js":{"path":"/Users/will/Documents/Comp531/hw6/src/components/article/articlesView.js","s":{"1":1,"2":1,"3":1,"4":0,"5":0,"6":0,"7":0,"8":0,"9":0,"10":1,"11":1,"12":1,"13":1,"14":1,"15":1,"16":1,"17":1,"18":1,"19":3,"20":1,"21":1,"22":1,"23":1,"24":0,"25":0,"26":1,"27":1,"28":0,"29":0,"30":0,"31":2,"32":1,"33":1,"34":2,"35":0,"36":2,"37":1,"38":0,"39":0,"40":0,"41":0,"42":0,"43":0,"44":0,"45":0,"46":0,"47":0},"b":{"1":[1,0],"2":[0,0],"3":[2,1],"4":[3,3],"5":[1,0],"6":[0,0],"7":[0,2],"8":[2,2],"9":[0,0],"10":[0,0]},"f":{"1":0,"2":3,"3":1,"4":0,"5":0,"6":1,"7":2,"8":1,"9":2,"10":0,"11":0,"12":0,"13":0},"fnMap":{"1":{"name":"(anonymous_1)","line":8,"loc":{"start":{"line":0,"column":0},"end":{"line":0,"column":0},"skip":true},"skip":true},"2":{"name":"_interopRequireDefault","line":26,"loc":{"start":{"line":0,"column":0},"end":{"line":0,"column":0},"skip":true},"skip":true},"3":{"name":"ArticlesView","line":28,"loc":{"start":{"line":8,"column":28},"end":{"line":8,"column":64}}},"4":{"name":"ref","line":49,"loc":{"start":{"line":16,"column":32},"end":{"line":16,"column":32}}},"5":{"name":"onChange","line":52,"loc":{"start":{"line":17,"column":37},"end":{"line":17,"column":43}}},"6":{"name":"(anonymous_6)","line":58,"loc":{"start":{"line":23,"column":30},"end":{"line":23,"column":39}}},"7":{"name":"(anonymous_7)","line":62,"loc":{"start":{"line":29,"column":19},"end":{"line":29,"column":19}}},"8":{"name":"filterArticles","line":71,"loc":{"start":{"line":40,"column":28},"end":{"line":40,"column":48}}},"9":{"name":"(anonymous_9)","line":72,"loc":{"start":{"line":41,"column":27},"end":{"line":41,"column":34}}},"10":{"name":"(anonymous_10)","line":79,"loc":{"start":{"line":50,"column":4},"end":{"line":50,"column":15}}},"11":{"name":"(anonymous_11)","line":82,"loc":{"start":{"line":53,"column":64},"end":{"line":53,"column":64}}},"12":{"name":"(anonymous_12)","line":91,"loc":{"start":{"line":60,"column":32},"end":{"line":60,"column":39}}},"13":{"name":"(anonymous_13)","line":92,"loc":{"start":{"line":61,"column":78},"end":{"line":61,"column":85}}}},"statementMap":{"1":{"start":{"line":0,"column":0},"end":{"line":0,"column":0},"skip":true},"2":{"start":{"line":0,"column":0},"end":{"line":0,"column":0},"skip":true},"3":{"start":{"line":0,"column":0},"end":{"line":0,"column":0},"skip":true},"4":{"start":{"line":0,"column":0},"end":{"line":0,"column":0},"skip":true},"5":{"start":{"line":0,"column":0},"end":{"line":0,"column":0},"skip":true},"6":{"start":{"line":0,"column":0},"end":{"line":0,"column":0},"skip":true},"7":{"start":{"line":0,"column":0},"end":{"line":0,"column":0},"skip":true},"8":{"start":{"line":0,"column":0},"end":{"line":0,"column":0},"skip":true},"9":{"start":{"line":0,"column":0},"end":{"line":0,"column":0},"skip":true},"10":{"start":{"line":1,"column":-15},"end":{"line":1,"column":-15}},"11":{"start":{"line":0,"column":0},"end":{"line":0,"column":0},"skip":true},"12":{"start":{"line":2,"column":0},"end":{"line":2,"column":0}},"13":{"start":{"line":4,"column":0},"end":{"line":4,"column":0}},"14":{"start":{"line":0,"column":0},"end":{"line":0,"column":0},"skip":true},"15":{"start":{"line":5,"column":0},"end":{"line":5,"column":0}},"16":{"start":{"line":0,"column":0},"end":{"line":0,"column":0},"skip":true},"17":{"start":{"line":6,"column":0},"end":{"line":6,"column":0}},"18":{"start":{"line":0,"column":0},"end":{"line":0,"column":0},"skip":true},"19":{"start":{"line":0,"column":0},"end":{"line":0,"column":0},"skip":true},"20":{"start":{"line":8,"column":7},"end":{"line":8,"column":7}},"21":{"start":{"line":8,"column":64},"end":{"line":8,"column":64}},"22":{"start":{"line":9,"column":4},"end":{"line":9,"column":4}},"23":{"start":{"line":10,"column":4},"end":{"line":10,"column":4}},"24":{"start":{"line":16,"column":32},"end":{"line":16,"column":32}},"25":{"start":{"line":17,"column":45},"end":{"line":17,"column":45}},"26":{"start":{"line":24,"column":16},"end":{"line":25,"column":20}},"27":{"start":{"line":25,"column":20},"end":{"line":25,"column":20}},"28":{"start":{"line":26,"column":16},"end":{"line":27,"column":20}},"29":{"start":{"line":27,"column":20},"end":{"line":27,"column":20}},"30":{"start":{"line":28,"column":16},"end":{"line":28,"column":16}},"31":{"start":{"line":29,"column":19},"end":{"line":29,"column":19}},"32":{"start":{"line":40,"column":7},"end":{"line":40,"column":7}},"33":{"start":{"line":41,"column":4},"end":{"line":41,"column":4}},"34":{"start":{"line":42,"column":16},"end":{"line":44,"column":17}},"35":{"start":{"line":43,"column":20},"end":{"line":43,"column":20}},"36":{"start":{"line":45,"column":16},"end":{"line":45,"column":16}},"37":{"start":{"line":0,"column":0},"end":{"line":0,"column":0},"skip":true},"38":{"start":{"line":51,"column":8},"end":{"line":51,"column":8}},"39":{"start":{"line":52,"column":8},"end":{"line":52,"column":8}},"40":{"start":{"line":53,"column":8},"end":{"line":53,"column":8}},"41":{"start":{"line":53,"column":64},"end":{"line":53,"column":64}},"42":{"start":{"line":55,"column":8},"end":{"line":57,"column":9}},"43":{"start":{"line":56,"column":12},"end":{"line":56,"column":12}},"44":{"start":{"line":60,"column":8},"end":{"line":60,"column":8}},"45":{"start":{"line":61,"column":12},"end":{"line":61,"column":12}},"46":{"start":{"line":62,"column":16},"end":{"line":62,"column":16}},"47":{"start":{"line":65,"column":8},"end":{"line":65,"column":8}}},"branchMap":{"1":{"line":8,"type":"binary-expr","locations":[{"start":{"line":0,"column":0},"end":{"line":0,"column":0},"skip":true},{"start":{"line":0,"column":0},"end":{"line":0,"column":0},"skip":true}]},"2":{"line":8,"type":"if","locations":[{"start":{"line":0,"column":0},"end":{"line":0,"column":0},"skip":true},{"start":{"line":0,"column":0},"end":{"line":0,"column":0},"skip":true}]},"3":{"line":26,"type":"cond-expr","locations":[{"start":{"line":0,"column":0},"end":{"line":0,"column":0},"skip":true},{"start":{"line":0,"column":0},"end":{"line":0,"column":0},"skip":true}]},"4":{"line":26,"type":"binary-expr","locations":[{"start":{"line":0,"column":0},"end":{"line":0,"column":0},"skip":true},{"start":{"line":0,"column":0},"end":{"line":0,"column":0},"skip":true}]},"5":{"line":59,"type":"if","locations":[{"start":{"line":24,"column":16},"end":{"line":24,"column":16}},{"start":{"line":24,"column":16},"end":{"line":24,"column":16}}]},"6":{"line":60,"type":"if","locations":[{"start":{"line":26,"column":16},"end":{"line":26,"column":16}},{"start":{"line":26,"column":16},"end":{"line":26,"column":16}}]},"7":{"line":73,"type":"if","locations":[{"start":{"line":42,"column":16},"end":{"line":42,"column":16}},{"start":{"line":42,"column":16},"end":{"line":42,"column":16}}]},"8":{"line":76,"type":"binary-expr","locations":[{"start":{"line":45,"column":23},"end":{"line":45,"column":23}},{"start":{"line":46,"column":20},"end":{"line":45,"column":16}}]},"9":{"line":86,"type":"if","locations":[{"start":{"line":55,"column":8},"end":{"line":55,"column":8}},{"start":{"line":55,"column":8},"end":{"line":55,"column":8}}]},"10":{"line":86,"type":"binary-expr","locations":[{"start":{"line":55,"column":12},"end":{"line":55,"column":12}},{"start":{"line":55,"column":23},"end":{"line":55,"column":8}}]}}},"/Users/will/Documents/Comp531/hw6/src/components/article/article.js":{"path":"/Users/will/Documents/Comp531/hw6/src/components/article/article.js","s":{"1":1,"2":1,"3":1,"4":1,"5":1,"6":1,"7":1,"8":1,"9":1,"10":2,"11":1,"12":0,"13":0,"14":0,"15":0,"16":0,"17":0,"18":0,"19":0,"20":0,"21":0,"22":0,"23":0,"24":1,"25":0},"b":{"1":[1,1],"2":[2,2],"3":[0,0],"4":[0,0],"5":[0,0],"6":[0,0],"7":[0,0],"8":[0,0],"9":[0,0],"10":[0,0]},"f":{"1":2,"2":0,"3":0,"4":0,"5":0,"6":0,"7":0,"8":0,"9":0,"10":0},"fnMap":{"1":{"name":"_interopRequireDefault","line":20,"loc":{"start":{"line":0,"column":0},"end":{"line":0,"column":0},"skip":true},"skip":true},"2":{"name":"Article","line":22,"loc":{"start":{"line":6,"column":23},"end":{"line":6,"column":124}}},"3":{"name":"onInput","line":59,"loc":{"start":{"line":19,"column":45},"end":{"line":19,"column":50}}},"4":{"name":"onClick","line":72,"loc":{"start":{"line":28,"column":16},"end":{"line":28,"column":22}}},"5":{"name":"onClick","line":83,"loc":{"start":{"line":36,"column":64},"end":{"line":36,"column":70}}},"6":{"name":"onClick","line":90,"loc":{"start":{"line":39,"column":61},"end":{"line":39,"column":65}}},"7":{"name":"onChange","line":101,"loc":{"start":{"line":48,"column":18},"end":{"line":48,"column":25}}},"8":{"name":"onClick","line":106,"loc":{"start":{"line":53,"column":82},"end":{"line":53,"column":87}}},"9":{"name":"(anonymous_9)","line":112,"loc":{"start":{"line":60,"column":44},"end":{"line":60,"column":44}}},"10":{"name":"(anonymous_10)","line":119,"loc":{"start":{"line":70,"column":23},"end":{"line":70,"column":32}}}},"statementMap":{"1":{"start":{"line":0,"column":0},"end":{"line":0,"column":0},"skip":true},"2":{"start":{"line":0,"column":0},"end":{"line":0,"column":0},"skip":true},"3":{"start":{"line":1,"column":-15},"end":{"line":1,"column":-15}},"4":{"start":{"line":0,"column":0},"end":{"line":0,"column":0},"skip":true},"5":{"start":{"line":2,"column":0},"end":{"line":2,"column":0}},"6":{"start":{"line":3,"column":0},"end":{"line":3,"column":0}},"7":{"start":{"line":0,"column":0},"end":{"line":0,"column":0},"skip":true},"8":{"start":{"line":4,"column":0},"end":{"line":4,"column":0}},"9":{"start":{"line":0,"column":0},"end":{"line":0,"column":0},"skip":true},"10":{"start":{"line":0,"column":0},"end":{"line":0,"column":0},"skip":true},"11":{"start":{"line":6,"column":7},"end":{"line":6,"column":7}},"12":{"start":{"line":6,"column":124},"end":{"line":6,"column":124}},"13":{"start":{"line":7,"column":1},"end":{"line":7,"column":1}},"14":{"start":{"line":8,"column":1},"end":{"line":8,"column":1}},"15":{"start":{"line":20,"column":10},"end":{"line":20,"column":10}},"16":{"start":{"line":29,"column":8},"end":{"line":34,"column":9}},"17":{"start":{"line":30,"column":9},"end":{"line":30,"column":9}},"18":{"start":{"line":33,"column":9},"end":{"line":33,"column":9}},"19":{"start":{"line":36,"column":71},"end":{"line":36,"column":71}},"20":{"start":{"line":39,"column":66},"end":{"line":39,"column":66}},"21":{"start":{"line":49,"column":9},"end":{"line":49,"column":9}},"22":{"start":{"line":54,"column":24},"end":{"line":54,"column":24}},"23":{"start":{"line":60,"column":44},"end":{"line":60,"column":44}},"24":{"start":{"line":0,"column":0},"end":{"line":0,"column":0},"skip":true},"25":{"start":{"line":71,"column":1},"end":{"line":71,"column":1}}},"branchMap":{"1":{"line":20,"type":"cond-expr","locations":[{"start":{"line":0,"column":0},"end":{"line":0,"column":0},"skip":true},{"start":{"line":0,"column":0},"end":{"line":0,"column":0},"skip":true}]},"2":{"line":20,"type":"binary-expr","locations":[{"start":{"line":0,"column":0},"end":{"line":0,"column":0},"skip":true},{"start":{"line":0,"column":0},"end":{"line":0,"column":0},"skip":true}]},"3":{"line":56,"type":"cond-expr","locations":[{"start":{"line":18,"column":36},"end":{"line":18,"column":5}},{"start":{"line":18,"column":39},"end":{"line":10,"column":3}}]},"4":{"line":56,"type":"binary-expr","locations":[{"start":{"line":18,"column":5},"end":{"line":18,"column":5}},{"start":{"line":18,"column":23},"end":{"line":18,"column":5}}]},"5":{"line":70,"type":"cond-expr","locations":[{"start":{"line":26,"column":34},"end":{"line":26,"column":14}},{"start":{"line":26,"column":37},"end":{"line":25,"column":5}}]},"6":{"line":73,"type":"if","locations":[{"start":{"line":29,"column":8},"end":{"line":29,"column":8}},{"start":{"line":29,"column":8},"end":{"line":29,"column":8}}]},"7":{"line":79,"type":"cond-expr","locations":[{"start":{"line":35,"column":20},"end":{"line":35,"column":11}},{"start":{"line":35,"column":27},"end":{"line":35,"column":27}}]},"8":{"line":93,"type":"cond-expr","locations":[{"start":{"line":40,"column":21},"end":{"line":40,"column":7}},{"start":{"line":40,"column":59},"end":{"line":40,"column":59}}]},"9":{"line":98,"type":"cond-expr","locations":[{"start":{"line":45,"column":31},"end":{"line":45,"column":16}},{"start":{"line":45,"column":34},"end":{"line":45,"column":4}}]},"10":{"line":112,"type":"cond-expr","locations":[{"start":{"line":60,"column":28},"end":{"line":60,"column":14}},{"start":{"line":60,"column":31},"end":{"line":60,"column":31}}]}}},"/Users/will/Documents/Comp531/hw6/src/components/article/comment.js":{"path":"/Users/will/Documents/Comp531/hw6/src/components/article/comment.js","s":{"1":1,"2":1,"3":1,"4":1,"5":1,"6":1,"7":1,"8":1,"9":0,"10":0,"11":0,"12":0,"13":0,"14":1},"b":{"1":[0,1],"2":[1,1],"3":[0,0]},"f":{"1":1,"2":0,"3":0,"4":0},"fnMap":{"1":{"name":"_interopRequireDefault","line":15,"loc":{"start":{"line":0,"column":0},"end":{"line":0,"column":0},"skip":true},"skip":true},"2":{"name":"Comment","line":17,"loc":{"start":{"line":5,"column":15},"end":{"line":5,"column":75}}},"3":{"name":"onInput","line":45,"loc":{"start":{"line":16,"column":80},"end":{"line":16,"column":87}}},"4":{"name":"onClick","line":53,"loc":{"start":{"line":20,"column":69},"end":{"line":20,"column":74}}}},"statementMap":{"1":{"start":{"line":0,"column":0},"end":{"line":0,"column":0},"skip":true},"2":{"start":{"line":1,"column":-15},"end":{"line":1,"column":-15}},"3":{"start":{"line":0,"column":0},"end":{"line":0,"column":0},"skip":true},"4":{"start":{"line":2,"column":0},"end":{"line":2,"column":0}},"5":{"start":{"line":3,"column":0},"end":{"line":3,"column":0}},"6":{"start":{"line":0,"column":0},"end":{"line":0,"column":0},"skip":true},"7":{"start":{"line":0,"column":0},"end":{"line":0,"column":0},"skip":true},"8":{"start":{"line":5,"column":0},"end":{"line":5,"column":0}},"9":{"start":{"line":5,"column":75},"end":{"line":5,"column":75}},"10":{"start":{"line":6,"column":4},"end":{"line":6,"column":4}},"11":{"start":{"line":7,"column":4},"end":{"line":7,"column":4}},"12":{"start":{"line":16,"column":88},"end":{"line":16,"column":88}},"13":{"start":{"line":21,"column":20},"end":{"line":21,"column":20}},"14":{"start":{"line":0,"column":0},"end":{"line":0,"column":0},"skip":true}},"branchMap":{"1":{"line":15,"type":"cond-expr","locations":[{"start":{"line":0,"column":0},"end":{"line":0,"column":0},"skip":true},{"start":{"line":0,"column":0},"end":{"line":0,"column":0},"skip":true}]},"2":{"line":15,"type":"binary-expr","locations":[{"start":{"line":0,"column":0},"end":{"line":0,"column":0},"skip":true},{"start":{"line":0,"column":0},"end":{"line":0,"column":0},"skip":true}]},"3":{"line":52,"type":"cond-expr","locations":[{"start":{"line":19,"column":40},"end":{"line":19,"column":31}},{"start":{"line":19,"column":58},"end":{"line":19,"column":16}}]}}},"/Users/will/Documents/Comp531/hw6/src/components/article/newArticle.js":{"path":"/Users/will/Documents/Comp531/hw6/src/components/article/newArticle.js","s":{"1":1,"2":1,"3":1,"4":1,"5":1,"6":1,"7":1,"8":1,"9":1,"10":1,"11":1,"12":1,"13":1,"14":0,"15":0,"16":1,"17":1,"18":0,"19":1,"20":1,"21":1,"22":1},"b":{"1":[0,1],"2":[1,1]},"f":{"1":1,"2":1,"3":0,"4":1,"5":0,"6":1},"fnMap":{"1":{"name":"_interopRequireDefault","line":16,"loc":{"start":{"line":0,"column":0},"end":{"line":0,"column":0},"skip":true},"skip":true},"2":{"name":"NewArticle","line":18,"loc":{"start":{"line":6,"column":24},"end":{"line":6,"column":38}}},"3":{"name":"handleImageChange","line":25,"loc":{"start":{"line":11,"column":28},"end":{"line":11,"column":33}}},"4":{"name":"ref","line":46,"loc":{"start":{"line":23,"column":37},"end":{"line":23,"column":47}}},"5":{"name":"onChange","line":54,"loc":{"start":{"line":27,"column":96},"end":{"line":27,"column":96}}},"6":{"name":"onClick","line":65,"loc":{"start":{"line":33,"column":41},"end":{"line":33,"column":47}}}},"statementMap":{"1":{"start":{"line":0,"column":0},"end":{"line":0,"column":0},"skip":true},"2":{"start":{"line":0,"column":0},"end":{"line":0,"column":0},"skip":true},"3":{"start":{"line":1,"column":-15},"end":{"line":1,"column":-15}},"4":{"start":{"line":0,"column":0},"end":{"line":0,"column":0},"skip":true},"5":{"start":{"line":2,"column":0},"end":{"line":2,"column":0}},"6":{"start":{"line":4,"column":0},"end":{"line":4,"column":0}},"7":{"start":{"line":0,"column":0},"end":{"line":0,"column":0},"skip":true},"8":{"start":{"line":0,"column":0},"end":{"line":0,"column":0},"skip":true},"9":{"start":{"line":6,"column":7},"end":{"line":6,"column":7}},"10":{"start":{"line":6,"column":38},"end":{"line":6,"column":38}},"11":{"start":{"line":8,"column":4},"end":{"line":8,"column":4}},"12":{"start":{"line":9,"column":4},"end":{"line":9,"column":4}},"13":{"start":{"line":11,"column":4},"end":{"line":11,"column":4}},"14":{"start":{"line":12,"column":8},"end":{"line":12,"column":8}},"15":{"start":{"line":13,"column":8},"end":{"line":13,"column":8}},"16":{"start":{"line":16,"column":4},"end":{"line":16,"column":4}},"17":{"start":{"line":23,"column":48},"end":{"line":23,"column":48}},"18":{"start":{"line":27,"column":96},"end":{"line":27,"column":96}},"19":{"start":{"line":34,"column":36},"end":{"line":34,"column":36}},"20":{"start":{"line":35,"column":36},"end":{"line":35,"column":36}},"21":{"start":{"line":36,"column":36},"end":{"line":36,"column":36}},"22":{"start":{"line":0,"column":0},"end":{"line":0,"column":0},"skip":true}},"branchMap":{"1":{"line":16,"type":"cond-expr","locations":[{"start":{"line":0,"column":0},"end":{"line":0,"column":0},"skip":true},{"start":{"line":0,"column":0},"end":{"line":0,"column":0},"skip":true}]},"2":{"line":16,"type":"binary-expr","locations":[{"start":{"line":0,"column":0},"end":{"line":0,"column":0},"skip":true},{"start":{"line":0,"column":0},"end":{"line":0,"column":0},"skip":true}]}}},"/Users/will/Documents/Comp531/hw6/src/components/auth/landing.js":{"path":"/Users/will/Documents/Comp531/hw6/src/components/auth/landing.js","s":{"1":1,"2":1,"3":1,"4":1,"5":1,"6":1,"7":1,"8":1,"9":1,"10":3,"11":1,"12":0,"13":0,"14":1,"15":0,"16":1,"17":0,"18":1},"b":{"1":[2,1],"2":[3,3],"3":[0,0],"4":[0,0]},"f":{"1":3,"2":0,"3":0,"4":0},"fnMap":{"1":{"name":"_interopRequireDefault","line":21,"loc":{"start":{"line":0,"column":0},"end":{"line":0,"column":0},"skip":true},"skip":true},"2":{"name":"Messages","line":23,"loc":{"start":{"line":6,"column":15},"end":{"line":6,"column":15}}},"3":{"name":"(anonymous_3)","line":63,"loc":{"start":{"line":26,"column":19},"end":{"line":26,"column":30}}},"4":{"name":"Landing","line":67,"loc":{"start":{"line":30,"column":16},"end":{"line":30,"column":16}}}},"statementMap":{"1":{"start":{"line":0,"column":0},"end":{"line":0,"column":0},"skip":true},"2":{"start":{"line":1,"column":-15},"end":{"line":1,"column":-15}},"3":{"start":{"line":0,"column":0},"end":{"line":0,"column":0},"skip":true},"4":{"start":{"line":2,"column":0},"end":{"line":2,"column":0}},"5":{"start":{"line":3,"column":0},"end":{"line":3,"column":0}},"6":{"start":{"line":0,"column":0},"end":{"line":0,"column":0},"skip":true},"7":{"start":{"line":4,"column":0},"end":{"line":4,"column":0}},"8":{"start":{"line":0,"column":0},"end":{"line":0,"column":0},"skip":true},"9":{"start":{"line":0,"column":0},"end":{"line":0,"column":0},"skip":true},"10":{"start":{"line":0,"column":0},"end":{"line":0,"column":0},"skip":true},"11":{"start":{"line":6,"column":0},"end":{"line":6,"column":0}},"12":{"start":{"line":6,"column":15},"end":{"line":6,"column":15}},"13":{"start":{"line":6,"column":15},"end":{"line":6,"column":15}},"14":{"start":{"line":26,"column":0},"end":{"line":26,"column":0}},"15":{"start":{"line":27,"column":4},"end":{"line":27,"column":4}},"16":{"start":{"line":30,"column":0},"end":{"line":30,"column":0}},"17":{"start":{"line":30,"column":16},"end":{"line":30,"column":16}},"18":{"start":{"line":0,"column":0},"end":{"line":0,"column":0},"skip":true}},"branchMap":{"1":{"line":21,"type":"cond-expr","locations":[{"start":{"line":0,"column":0},"end":{"line":0,"column":0},"skip":true},{"start":{"line":0,"column":0},"end":{"line":0,"column":0},"skip":true}]},"2":{"line":21,"type":"binary-expr","locations":[{"start":{"line":0,"column":0},"end":{"line":0,"column":0},"skip":true},{"start":{"line":0,"column":0},"end":{"line":0,"column":0},"skip":true}]},"3":{"line":29,"type":"cond-expr","locations":[{"start":{"line":8,"column":30},"end":{"line":8,"column":10}},{"start":{"line":9,"column":12},"end":{"line":7,"column":4}}]},"4":{"line":45,"type":"cond-expr","locations":[{"start":{"line":16,"column":32},"end":{"line":16,"column":10}},{"start":{"line":17,"column":12},"end":{"line":17,"column":12}}]}}},"/Users/will/Documents/Comp531/hw6/src/components/auth/login.js":{"path":"/Users/will/Documents/Comp531/hw6/src/components/auth/login.js","s":{"1":1,"2":1,"3":1,"4":1,"5":1,"6":1,"7":1,"8":1,"9":0,"10":0,"11":0,"12":0,"13":0,"14":0,"15":1},"b":{"1":[0,1],"2":[1,1]},"f":{"1":1,"2":0,"3":0,"4":0,"5":0},"fnMap":{"1":{"name":"_interopRequireDefault","line":15,"loc":{"start":{"line":0,"column":0},"end":{"line":0,"column":0},"skip":true},"skip":true},"2":{"name":"Login","line":17,"loc":{"start":{"line":5,"column":14},"end":{"line":5,"column":29}}},"3":{"name":"ref","line":41,"loc":{"start":{"line":13,"column":89},"end":{"line":13,"column":99}}},"4":{"name":"ref","line":57,"loc":{"start":{"line":19,"column":89},"end":{"line":19,"column":99}}},"5":{"name":"onClick","line":62,"loc":{"start":{"line":22,"column":96},"end":{"line":22,"column":102}}}},"statementMap":{"1":{"start":{"line":0,"column":0},"end":{"line":0,"column":0},"skip":true},"2":{"start":{"line":1,"column":-15},"end":{"line":1,"column":-15}},"3":{"start":{"line":0,"column":0},"end":{"line":0,"column":0},"skip":true},"4":{"start":{"line":2,"column":0},"end":{"line":2,"column":0}},"5":{"start":{"line":3,"column":0},"end":{"line":3,"column":0}},"6":{"start":{"line":0,"column":0},"end":{"line":0,"column":0},"skip":true},"7":{"start":{"line":0,"column":0},"end":{"line":0,"column":0},"skip":true},"8":{"start":{"line":5,"column":0},"end":{"line":5,"column":0}},"9":{"start":{"line":5,"column":29},"end":{"line":5,"column":29}},"10":{"start":{"line":6,"column":4},"end":{"line":6,"column":4}},"11":{"start":{"line":7,"column":4},"end":{"line":7,"column":4}},"12":{"start":{"line":13,"column":100},"end":{"line":13,"column":100}},"13":{"start":{"line":19,"column":100},"end":{"line":19,"column":100}},"14":{"start":{"line":22,"column":103},"end":{"line":22,"column":103}},"15":{"start":{"line":0,"column":0},"end":{"line":0,"column":0},"skip":true}},"branchMap":{"1":{"line":15,"type":"cond-expr","locations":[{"start":{"line":0,"column":0},"end":{"line":0,"column":0},"skip":true},{"start":{"line":0,"column":0},"end":{"line":0,"column":0},"skip":true}]},"2":{"line":15,"type":"binary-expr","locations":[{"start":{"line":0,"column":0},"end":{"line":0,"column":0},"skip":true},{"start":{"line":0,"column":0},"end":{"line":0,"column":0},"skip":true}]}}},"/Users/will/Documents/Comp531/hw6/src/components/auth/authActions.js":{"path":"/Users/will/Documents/Comp531/hw6/src/components/auth/authActions.js","s":{"1":1,"2":1,"3":1,"4":1,"5":1,"6":1,"7":1,"8":1,"9":1,"10":1,"11":1,"12":1,"13":1,"14":2,"15":0,"16":0,"17":0,"18":0,"19":0,"20":1,"21":3,"22":3,"23":2,"24":2,"25":1,"26":1,"27":1,"28":1,"29":0,"30":0,"31":1,"32":1,"33":0,"34":0,"35":0,"36":0,"37":0,"38":0,"39":0,"40":0,"41":0,"42":0,"43":0,"44":0,"45":0,"46":0,"47":0,"48":0},"b":{"1":[1,0],"2":[1,1],"3":[0,0],"4":[0,0],"5":[0,0,0,0,0,0]},"f":{"1":1,"2":2,"3":0,"4":3,"5":3,"6":2,"7":1,"8":1,"9":1,"10":0,"11":1,"12":0,"13":0,"14":0,"15":0},"fnMap":{"1":{"name":"_interopRequireDefault","line":21,"loc":{"start":{"line":0,"column":0},"end":{"line":0,"column":0},"skip":true},"skip":true},"2":{"name":"initialMainView","line":23,"loc":{"start":{"line":7,"column":7},"end":{"line":7,"column":34}}},"3":{"name":"(anonymous_3)","line":24,"loc":{"start":{"line":8,"column":11},"end":{"line":8,"column":25}}},"4":{"name":"login","line":34,"loc":{"start":{"line":18,"column":7},"end":{"line":18,"column":42}}},"5":{"name":"(anonymous_5)","line":35,"loc":{"start":{"line":19,"column":11},"end":{"line":19,"column":23}}},"6":{"name":"(anonymous_6)","line":38,"loc":{"start":{"line":23,"column":14},"end":{"line":23,"column":19}}},"7":{"name":"(anonymous_7)","line":41,"loc":{"start":{"line":27,"column":15},"end":{"line":27,"column":15}}},"8":{"name":"logout","line":47,"loc":{"start":{"line":31,"column":7},"end":{"line":31,"column":25}}},"9":{"name":"(anonymous_9)","line":48,"loc":{"start":{"line":32,"column":11},"end":{"line":32,"column":23}}},"10":{"name":"(anonymous_10)","line":49,"loc":{"start":{"line":34,"column":14},"end":{"line":34,"column":19}}},"11":{"name":"(anonymous_11)","line":52,"loc":{"start":{"line":38,"column":15},"end":{"line":38,"column":15}}},"12":{"name":"registerAction","line":58,"loc":{"start":{"line":42,"column":7},"end":{"line":42,"column":36}}},"13":{"name":"(anonymous_13)","line":59,"loc":{"start":{"line":43,"column":11},"end":{"line":43,"column":23}}},"14":{"name":"(anonymous_14)","line":80,"loc":{"start":{"line":65,"column":14},"end":{"line":65,"column":28}}},"15":{"name":"(anonymous_15)","line":82,"loc":{"start":{"line":68,"column":15},"end":{"line":68,"column":26}}}},"statementMap":{"1":{"start":{"line":0,"column":0},"end":{"line":0,"column":0},"skip":true},"2":{"start":{"line":0,"column":0},"end":{"line":0,"column":0},"skip":true},"3":{"start":{"line":0,"column":0},"end":{"line":0,"column":0},"skip":true},"4":{"start":{"line":0,"column":0},"end":{"line":0,"column":0},"skip":true},"5":{"start":{"line":0,"column":0},"end":{"line":0,"column":0},"skip":true},"6":{"start":{"line":1,"column":-15},"end":{"line":1,"column":-15}},"7":{"start":{"line":0,"column":0},"end":{"line":0,"column":0},"skip":true},"8":{"start":{"line":3,"column":0},"end":{"line":3,"column":0}},"9":{"start":{"line":4,"column":0},"end":{"line":4,"column":0}},"10":{"start":{"line":5,"column":0},"end":{"line":5,"column":0}},"11":{"start":{"line":0,"column":0},"end":{"line":0,"column":0},"skip":true},"12":{"start":{"line":0,"column":0},"end":{"line":0,"column":0},"skip":true},"13":{"start":{"line":7,"column":7},"end":{"line":16,"column":1}},"14":{"start":{"line":8,"column":4},"end":{"line":8,"column":4}},"15":{"start":{"line":10,"column":8},"end":{"line":10,"column":8}},"16":{"start":{"line":11,"column":8},"end":{"line":11,"column":8}},"17":{"start":{"line":12,"column":8},"end":{"line":12,"column":8}},"18":{"start":{"line":13,"column":8},"end":{"line":13,"column":8}},"19":{"start":{"line":14,"column":8},"end":{"line":14,"column":8}},"20":{"start":{"line":18,"column":7},"end":{"line":29,"column":1}},"21":{"start":{"line":19,"column":4},"end":{"line":19,"column":4}},"22":{"start":{"line":20,"column":8},"end":{"line":20,"column":8}},"23":{"start":{"line":24,"column":12},"end":{"line":24,"column":12}},"24":{"start":{"line":25,"column":12},"end":{"line":25,"column":12}},"25":{"start":{"line":27,"column":15},"end":{"line":27,"column":15}},"26":{"start":{"line":31,"column":7},"end":{"line":40,"column":1}},"27":{"start":{"line":32,"column":4},"end":{"line":32,"column":4}},"28":{"start":{"line":33,"column":8},"end":{"line":33,"column":8}},"29":{"start":{"line":35,"column":12},"end":{"line":35,"column":12}},"30":{"start":{"line":36,"column":12},"end":{"line":36,"column":12}},"31":{"start":{"line":38,"column":15},"end":{"line":38,"column":15}},"32":{"start":{"line":42,"column":7},"end":{"line":72,"column":1}},"33":{"start":{"line":43,"column":4},"end":{"line":43,"column":4}},"34":{"start":{"line":44,"column":8},"end":{"line":47,"column":9}},"35":{"start":{"line":45,"column":14},"end":{"line":45,"column":14}},"36":{"start":{"line":46,"column":14},"end":{"line":46,"column":14}},"37":{"start":{"line":48,"column":8},"end":{"line":48,"column":8}},"38":{"start":{"line":49,"column":8},"end":{"line":49,"column":8}},"39":{"start":{"line":50,"column":8},"end":{"line":50,"column":8}},"40":{"start":{"line":51,"column":8},"end":{"line":51,"column":8}},"41":{"start":{"line":52,"column":8},"end":{"line":52,"column":8}},"42":{"start":{"line":53,"column":8},"end":{"line":56,"column":9}},"43":{"start":{"line":54,"column":12},"end":{"line":54,"column":12}},"44":{"start":{"line":55,"column":12},"end":{"line":55,"column":12}},"45":{"start":{"line":57,"column":8},"end":{"line":57,"column":8}},"46":{"start":{"line":64,"column":8},"end":{"line":64,"column":8}},"47":{"start":{"line":66,"column":12},"end":{"line":66,"column":12}},"48":{"start":{"line":69,"column":12},"end":{"line":69,"column":12}}},"branchMap":{"1":{"line":21,"type":"cond-expr","locations":[{"start":{"line":0,"column":0},"end":{"line":0,"column":0},"skip":true},{"start":{"line":0,"column":0},"end":{"line":0,"column":0},"skip":true}]},"2":{"line":21,"type":"binary-expr","locations":[{"start":{"line":0,"column":0},"end":{"line":0,"column":0},"skip":true},{"start":{"line":0,"column":0},"end":{"line":0,"column":0},"skip":true}]},"3":{"line":60,"type":"if","locations":[{"start":{"line":44,"column":8},"end":{"line":44,"column":8}},{"start":{"line":44,"column":8},"end":{"line":44,"column":8}}]},"4":{"line":69,"type":"if","locations":[{"start":{"line":53,"column":8},"end":{"line":53,"column":8}},{"start":{"line":53,"column":8},"end":{"line":53,"column":8}}]},"5":{"line":69,"type":"binary-expr","locations":[{"start":{"line":53,"column":14},"end":{"line":53,"column":14}},{"start":{"line":53,"column":28},"end":{"line":53,"column":28}},{"start":{"line":53,"column":42},"end":{"line":53,"column":14}},{"start":{"line":53,"column":56},"end":{"line":53,"column":56}},{"start":{"line":53,"column":70},"end":{"line":53,"column":56}},{"start":{"line":53,"column":82},"end":{"line":53,"column":12}}]}}},"/Users/will/Documents/Comp531/hw6/src/components/auth/register.js":{"path":"/Users/will/Documents/Comp531/hw6/src/components/auth/register.js","s":{"1":1,"2":1,"3":1,"4":1,"5":1,"6":1,"7":1,"8":1,"9":0,"10":0,"11":0,"12":0,"13":0,"14":0,"15":0,"16":0,"17":0,"18":0,"19":0,"20":1},"b":{"1":[0,1],"2":[1,1]},"f":{"1":1,"2":0,"3":0,"4":0,"5":0,"6":0,"7":0,"8":0,"9":0,"10":0},"fnMap":{"1":{"name":"_interopRequireDefault","line":15,"loc":{"start":{"line":0,"column":0},"end":{"line":0,"column":0},"skip":true},"skip":true},"2":{"name":"Register","line":17,"loc":{"start":{"line":4,"column":17},"end":{"line":4,"column":31}}},"3":{"name":"onSubmit","line":31,"loc":{"start":{"line":9,"column":52},"end":{"line":9,"column":52}}},"4":{"name":"ref","line":45,"loc":{"start":{"line":13,"column":87},"end":{"line":13,"column":87}}},"5":{"name":"ref","line":61,"loc":{"start":{"line":19,"column":84},"end":{"line":19,"column":84}}},"6":{"name":"ref","line":77,"loc":{"start":{"line":25,"column":89},"end":{"line":25,"column":89}}},"7":{"name":"ref","line":93,"loc":{"start":{"line":31,"column":82},"end":{"line":31,"column":82}}},"8":{"name":"ref","line":109,"loc":{"start":{"line":37,"column":91},"end":{"line":37,"column":91}}},"9":{"name":"ref","line":125,"loc":{"start":{"line":43,"column":89},"end":{"line":43,"column":89}}},"10":{"name":"onClick","line":143,"loc":{"start":{"line":49,"column":101},"end":{"line":49,"column":107}}}},"statementMap":{"1":{"start":{"line":0,"column":0},"end":{"line":0,"column":0},"skip":true},"2":{"start":{"line":1,"column":-15},"end":{"line":1,"column":-15}},"3":{"start":{"line":0,"column":0},"end":{"line":0,"column":0},"skip":true},"4":{"start":{"line":2,"column":0},"end":{"line":2,"column":0}},"5":{"start":{"line":3,"column":0},"end":{"line":3,"column":0}},"6":{"start":{"line":0,"column":0},"end":{"line":0,"column":0},"skip":true},"7":{"start":{"line":0,"column":0},"end":{"line":0,"column":0},"skip":true},"8":{"start":{"line":4,"column":0},"end":{"line":4,"column":0}},"9":{"start":{"line":4,"column":31},"end":{"line":4,"column":31}},"10":{"start":{"line":5,"column":4},"end":{"line":5,"column":4}},"11":{"start":{"line":6,"column":4},"end":{"line":6,"column":4}},"12":{"start":{"line":9,"column":52},"end":{"line":9,"column":52}},"13":{"start":{"line":13,"column":87},"end":{"line":13,"column":87}},"14":{"start":{"line":19,"column":84},"end":{"line":19,"column":84}},"15":{"start":{"line":25,"column":89},"end":{"line":25,"column":89}},"16":{"start":{"line":31,"column":82},"end":{"line":31,"column":82}},"17":{"start":{"line":37,"column":91},"end":{"line":37,"column":91}},"18":{"start":{"line":43,"column":89},"end":{"line":43,"column":89}},"19":{"start":{"line":49,"column":108},"end":{"line":49,"column":108}},"20":{"start":{"line":0,"column":0},"end":{"line":0,"column":0},"skip":true}},"branchMap":{"1":{"line":15,"type":"cond-expr","locations":[{"start":{"line":0,"column":0},"end":{"line":0,"column":0},"skip":true},{"start":{"line":0,"column":0},"end":{"line":0,"column":0},"skip":true}]},"2":{"line":15,"type":"binary-expr","locations":[{"start":{"line":0,"column":0},"end":{"line":0,"column":0},"skip":true},{"start":{"line":0,"column":0},"end":{"line":0,"column":0},"skip":true}]}}},"/Users/will/Documents/Comp531/hw6/src/components/profile/profile.js":{"path":"/Users/will/Documents/Comp531/hw6/src/components/profile/profile.js","s":{"1":1,"2":1,"3":1,"4":1,"5":1,"6":1,"7":1,"8":1,"9":1,"10":3,"11":1,"12":0,"
[...]
{"1":[0,2],"2":[2,2],"3":[0,0],"4":[0,0],"5":[0,0]},"f":{"1":2,"2":0,"3":0,"4":0,"5":0,"6":0,"7":0,"8":0,"9":0,"10":0,"11":0,"12":0,"13":0},"fnMap":{"1":{"name":"_interopRequireDefault","line":15,"loc":{"start":{"line":0,"column":0},"end":{"line":0,"column":0},"skip":true},"skip":true},"2":{"name":"(anonymous_2)","line":17,"loc":{"start":{"line":6,"column":35},"end":{"line":6,"column":39}}},"3":{"name":"(anonymous_3)","line":23,"loc":{"start":{"line":9,"column":15},"end":{"line":9,"column":19}}},"4":{"name":"(anonymous_4)","line":34,"loc":{"start":{"line":20,"column":14},"end":{"line":20,"column":18}}},"5":{"name":"(anonymous_5)","line":40,"loc":{"start":{"line":26,"column":65},"end":{"line":26,"column":73}}},"6":{"name":"(anonymous_6)","line":43,"loc":{"start":{"line":29,"column":33},"end":{"line":29,"column":43}}},"7":{"name":"(anonymous_7)","line":53,"loc":{"start":{"line":39,"column":30},"end":{"line":39,"column":38}}},"8":{"name":"(anonymous_8)","line":65,"loc":{"start":{"line":51,"column":33},"end":{"line":51,"column":43}}},"9":{"name":"(anonymous_9)","line":74,"loc":{"start":{"line":60,"column":16},"end":{"line":60,"column":20}}},"10":{"name":"(anonymous_10)","line":79,"loc":{"start":{"line":66,"column":31},"end":{"line":66,"column":39}}},"11":{"name":"dispatch","line":93,"loc":{"start":{"line":80,"column":25},"end":{"line":80,"column":37}}},"12":{"name":"(anonymous_12)","line":97,"loc":{"start":{"line":85,"column":14},"end":{"line":85,"column":20}}},"13":{"name":"(anonymous_13)","line":98,"loc":{"start":{"line":86,"column":21},"end":{"line":86,"column":31}}}},"statementMap":{"1":{"start":{"line":1,"column":-15},"end":{"line":1,"column":-15}},"2":{"start":{"line":2,"column":0},"end":{"line":2,"column":0}},"3":{"start":{"line":0,"column":0},"end":{"line":0,"column":0},"skip":true},"4":{"start":{"line":3,"column":0},"end":{"line":3,"column":0}},"5":{"start":{"line":0,"column":0},"end":{"line":0,"column":0},"skip":true},"6":{"start":{"line":4,"column":0},"end":{"line":4,"column":0}},"7":{"start":{"line":0,"column":0},"end":{"line":0,"column":0},"skip":true},"8":{"start":{"line":0,"column":0},"end":{"line":0,"column":0},"skip":true},"9":{"start":{"line":6,"column":0},"end":{"line":6,"column":0}},"10":{"start":{"line":7,"column":4},"end":{"line":7,"column":4}},"11":{"start":{"line":9,"column":4},"end":{"line":9,"column":4}},"12":{"start":{"line":10,"column":8},"end":{"line":14,"column":9}},"13":{"start":{"line":11,"column":12},"end":{"line":11,"column":12}},"14":{"start":{"line":12,"column":12},"end":{"line":12,"column":12}},"15":{"start":{"line":13,"column":12},"end":{"line":13,"column":12}},"16":{"start":{"line":15,"column":8},"end":{"line":15,"column":8}},"17":{"start":{"line":16,"column":8},"end":{"line":16,"column":8}},"18":{"start":{"line":17,"column":8},"end":{"line":17,"column":8}},"19":{"start":{"line":18,"column":8},"end":{"line":18,"column":8}},"20":{"start":{"line":20,"column":4},"end":{"line":20,"column":4}},"21":{"start":{"line":21,"column":8},"end":{"line":24,"column":9}},"22":{"start":{"line":22,"column":12},"end":{"line":22,"column":12}},"23":{"start":{"line":23,"column":12},"end":{"line":23,"column":12}},"24":{"start":{"line":26,"column":4},"end":{"line":26,"column":4}},"25":{"start":{"line":27,"column":8},"end":{"line":27,"column":8}},"26":{"start":{"line":28,"column":8},"end":{"line":28,"column":8}},"27":{"start":{"line":29,"column":8},"end":{"line":29,"column":8}},"28":{"start":{"line":30,"column":12},"end":{"line":36,"column":13}},"29":{"start":{"line":31,"column":16},"end":{"line":31,"column":16}},"30":{"start":{"line":32,"column":16},"end":{"line":32,"column":16}},"31":{"start":{"line":33,"column":16},"end":{"line":33,"column":16}},"32":{"start":{"line":35,"column":16},"end":{"line":35,"column":16}},"33":{"start":{"line":39,"column":4},"end":{"line":39,"column":4}},"34":{"start":{"line":40,"column":8},"end":{"line":40,"column":8}},"35":{"start":{"line":41,"column":8},"end":{"line":41,"column":8}},"36":{"start":{"line":42,"column":8},"end":{"line":42,"column":8}},"37":{"start":{"line":43,"column":8},"end":{"line":43,"column":8}},"38":{"start":{"line":51,"column":8},"end":{"line":51,"column":8}},"39":{"start":{"line":52,"column":12},"end":{"line":59,"column":13}},"40":{"start":{"line":53,"column":16},"end":{"line":55,"column":17}},"41":{"start":{"line":54,"column":20},"end":{"line":54,"column":20}},"42":{"start":{"line":56,"column":16},"end":{"line":56,"column":16}},"43":{"start":{"line":58,"column":16},"end":{"line":58,"column":16}},"44":{"start":{"line":61,"column":12},"end":{"line":61,"column":12}},"45":{"start":{"line":66,"column":4},"end":{"line":66,"column":4}},"46":{"start":{"line":67,"column":8},"end":{"line":67,"column":8}},"47":{"start":{"line":68,"column":8},"end":{"line":68,"column":8}},"48":{"start":{"line":70,"column":8},"end":{"line":70,"column":8}},"49":{"start":{"line":75,"column":8},"end":{"line":75,"column":8}},"50":{"start":{"line":79,"column":8},"end":{"line":79,"column":8}},"51":{"start":{"line":80,"column":8},"end":{"line":80,"column":8}},"52":{"start":{"line":81,"column":12},"end":{"line":81,"column":12}},"53":{"start":{"line":84,"column":8},"end":{"line":84,"column":8}},"54":{"start":{"line":86,"column":12},"end":{"line":86,"column":12}}},"branchMap":{"1":{"line":15,"type":"cond-expr","locations":[{"start":{"line":0,"column":0},"end":{"line":0,"column":0},"skip":true},{"start":{"line":0,"column":0},"end":{"line":0,"column":0},"skip":true}]},"2":{"line":15,"type":"binary-expr","locations":[{"start":{"line":0,"column":0},"end":{"line":0,"column":0},"skip":true},{"start":{"line":0,"column":0},"end":{"line":0,"column":0},"skip":true}]},"3":{"line":24,"type":"if","locations":[{"start":{"line":10,"column":8},"end":{"line":10,"column":8}},{"start":{"line":10,"column":8},"end":{"line":10,"column":8}}]},"4":{"line":35,"type":"if","locations":[{"start":{"line":21,"column":8},"end":{"line":21,"column":8}},{"start":{"line":21,"column":8},"end":{"line":21,"column":8}}]},"5":{"line":67,"type":"if","locations":[{"start":{"line":53,"column":16},"end":{"line":53,"column":16}},{"start":{"line":53,"column":16},"end":{"line":53,"column":16}}]}}},"/Users/will/Documents/Comp531/hw6/src/components/profile/profileActions.spec.js":{"path":"/Users/will/Documents/Comp531/hw6/src/components/profile/profileActions.spec.js","s":{"1":1,"2":1,"3":1,"4":1,"5":1,"6":1,"7":1,"8":2,"9":1,"10":0,"11":0,"12":0,"13":0,"14":0,"15":0,"16":0,"17":0,"18":0,"19":0,"20":0,"21":0,"22":0,"23":0,"24":0,"25":0,"26":0,"27":0,"28":0,"29":0,"30":0,"31":0,"32":0,"33":0,"34":0,"35":0,"36":0,"37":0,"38":0,"39":0,"40":0,"41":0,"42":0,"43":0,"44":0,"45":0,"46":0,"47":0,"48":0,"49":0},"b":{"1":[0,2],"2":[2,2],"3":[0,0],"4":[0,0],"5":[0,0],"6":[0,0],"7":[0,0],"8":[0,0]},"f":{"1":2,"2":0,"3":0,"4":0,"5":0,"6":0,"7":0,"8":0},"fnMap":{"1":{"name":"_interopRequireDefault","line":15,"loc":{"start":{"line":0,"column":0},"end":{"line":0,"column":0},"skip":true},"skip":true},"2":{"name":"(anonymous_2)","line":17,"loc":{"start":{"line":6,"column":55},"end":{"line":6,"column":60}}},"3":{"name":"(anonymous_3)","line":22,"loc":{"start":{"line":8,"column":15},"end":{"line":8,"column":21}}},"4":{"name":"(anonymous_4)","line":34,"loc":{"start":{"line":20,"column":14},"end":{"line":20,"column":20}}},"5":{"name":"(anonymous_5)","line":41,"loc":{"start":{"line":27,"column":53},"end":{"line":27,"column":61}}},"6":{"name":"(anonymous_6)","line":64,"loc":{"start":{"line":50,"column":23},"end":{"line":50,"column":35}}},"7":{"name":"(anonymous_7)","line":84,"loc":{"start":{"line":74,"column":32},"end":{"line":74,"column":41}}},"8":{"name":"(anonymous_8)","line":94,"loc":{"start":{"line":86,"column":14},"end":{"line":86,"column":19}}}},"statementMap":{"1":{"start":{"line":1,"column":-15},"end":{"line":1,"column":-15}},"2":{"start":{"line":2,"column":0},"end":{"line":2,"column":0}},"3":{"start":{"line":0,"column":0},"end":{"line":0,"column":0},"skip":true},"4":{"start":{"line":3,"column":0},"end":{"line":3,"column":0}},"5":{"start":{"line":0,"column":0},"end":{"line":0,"column":0},"skip":true},"6":{"start":{"line":4,"column":0},"end":{"line":4,"column":0}},"7":{"start":{"line":0,"column":0},"end":{"line":0,"column":0},"skip":true},"8":{"start":{"line":0,"column":0},"end":{"line":0,"column":0},"skip":true},"9":{"start":{"line":6,"column":0},"end":{"line":6,"column":0}},"10":{"start":{"line":7,"column":4},"end":{"line":7,"column":4}},"11":{"start":{"line":8,"column":4},"end":{"line":8,"column":4}},"12":{"start":{"line":9,"column":8},"end":{"line":13,"column":9}},"13":{"start":{"line":10,"column":12},"end":{"line":10,"column":12}},"14":{"start":{"line":11,"column":12},"end":{"line":11,"column":12}},"15":{"start":{"line":12,"column":12},"end":{"line":12,"column":12}},"16":{"start":{"line":14,"column":8},"end":{"line":14,"column":8}},"17":{"start":{"line":15,"column":8},"end":{"line":15,"column":8}},"18":{"start":{"line":16,"column":8},"end":{"line":16,"column":8}},"19":{"start":{"line":17,"column":8},"end":{"line":17,"column":8}},"20":{"start":{"line":20,"column":4},"end":{"line":20,"column":4}},"21":{"start":{"line":21,"column":8},"end":{"line":24,"column":9}},"22":{"start":{"line":22,"column":12},"end":{"line":22,"column":12}},"23":{"start":{"line":23,"column":12},"end":{"line":23,"column":12}},"24":{"start":{"line":27,"column":4},"end":{"line":27,"column":4}},"25":{"start":{"line":28,"column":8},"end":{"line":28,"column":8}},"26":{"start":{"line":33,"column":8},"end":{"line":33,"column":8}},"27":{"start":{"line":38,"column":8},"end":{"line":38,"column":8}},"28":{"start":{"line":44,"column":8},"end":{"line":44,"column":8}},"29":{"start":{"line":49,"column":8},"end":{"line":49,"column":8}},"30":{"start":{"line":50,"column":8},"end":{"line":50,"column":8}},"31":{"start":{"line":51,"column":12},"end":{"line":67,"column":13}},"32":{"start":{"line":52,"column":16},"end":{"line":63,"column":17}},"33":{"start":{"line":53,"column":20},"end":{"line":53,"column":20}},"34":{"start":{"line":55,"column":21},"end":{"line":63,"column":17}},"35":{"start":{"line":56,"column":20},"end":{"line":56,"column":20}},"36":{"start":{"line":58,"column":21},"end":{"line":63,"column":17}},"37":{"start":{"line":59,"column":20},"end":{"line":59,"column":20}},"38":{"start":{"line":61,"column":21},"end":{"line":63,"column":17}},"39":{"start":{"line":62,"column":20},"end":{"line":62,"column":20}},"40":{"start":{"line":64,"column":16},"end":{"line":64,"column":16}},"41":{"start":{"line":66,"column":16},"end":{"line":66,"column":16}},"42":{"start":{"line":69,"column":8},"end":{"line":69,"column":8}},"43":{"start":{"line":70,"column":8},"end":{"line":70,"column":8}},"44":{"start":{"line":74,"column":4},"end":{"line":74,"column":4}},"45":{"start":{"line":75,"column":8},"end":{"line":75,"column":8}},"46":{"start":{"line":76,"column":8},"end":{"line":76,"column":8}},"47":{"start":{"line":79,"column":8},"end":{"line":79,"column":8}},"48":{"start":{"line":85,"column":8},"end":{"line":85,"column":8}},"49":{"start":{"line":87,"column":12},"end":{"line":87,"column":12}}},"branchMap":{"1":{"line":15,"type":"cond-expr","locations":[{"start":{"line":0,"column":0},"end":{"line":0,"column":0},"skip":true},{"start":{"line":0,"column":0},"end":{"line":0,"column":0},"skip":true}]},"2":{"line":15,"type":"binary-expr","locations":[{"start":{"line":0,"column":0},"end":{"line":0,"column":0},"skip":true},{"start":{"line":0,"column":0},"end":{"line":0,"column":0},"skip":true}]},"3":{"line":23,"type":"if","locations":[{"start":{"line":9,"column":8},"end":{"line":9,"column":8}},{"start":{"line":9,"column":8},"end":{"line":9,"column":8}}]},"4":{"line":35,"type":"if","locations":[{"start":{"line":21,"column":8},"end":{"line":21,"column":8}},{"start":{"line":21,"column":8},"end":{"line":21,"column":8}}]},"5":{"line":66,"type":"if","locations":[{"start":{"line":52,"column":16},"end":{"line":52,"column":16}},{"start":{"line":52,"column":16},"end":{"line":52,"column":16}}]},"6":{"line":68,"type":"if","locations":[{"start":{"line":55,"column":21},"end":{"line":55,"column":21}},{"start":{"line":55,"column":21},"end":{"line":55,"column":21}}]},"7":{"line":70,"type":"if","locations":[{"start":{"line":58,"column":21},"end":{"line":58,"column":21}},{"start":{"line":58,"column":21},"end":{"line":58,"column":21}}]},"8":{"line":72,"type":"if","locations":[{"start":{"line":61,"column":21},"end":{"line":61,"column":21}},{"start":{"line":61,"column":21},"end":{"line":61,"column":21}}]}}},"/Users/will/Documents/Comp531/hw6/src/index.js":{"path":"/Users/will/Documents/Comp531/hw6/src/index.js","s":{"1":1,"2":1,"3":1,"4":1,"5":1,"6":1,"7":1,"8":1,"9":1,"10":1,"11":1,"12":1,"13":1,"14":1,"15":5,"16":1,"17":0,"18":0,"19":0,"20":0,"21":0},"b":{"1":[3,2],"2":[5,5]},"f":{"1":5},"fnMap":{"1":{"name":"_interopRequireDefault","line":29,"loc":{"start":{"line":0,"column":0},"end":{"line":0,"column":0},"skip":true},"skip":true}},"statementMap":{"1":{"start":{"line":5,"column":0},"end":{"line":5,"column":0}},"2":{"start":{"line":0,"column":0},"end":{"line":0,"column":0},"skip":true},"3":{"start":{"line":6,"column":0},"end":{"line":6,"column":0}},"4":{"start":{"line":7,"column":0},"end":{"line":7,"column":0}},"5":{"start":{"line":9,"column":0},"end":{"line":9,"column":0}},"6":{"start":{"line":0,"column":0},"end":{"line":0,"column":0},"skip":true},"7":{"start":{"line":10,"column":0},"end":{"line":10,"column":0}},"8":{"start":{"line":0,"column":0},"end":{"line":0,"column":0},"skip":true},"9":{"start":{"line":11,"column":0},"end":{"line":11,"column":0}},"10":{"start":{"line":13,"column":0},"end":{"line":13,"column":0}},"11":{"start":{"line":0,"column":0},"end":{"line":0,"column":0},"skip":true},"12":{"start":{"line":14,"column":0},"end":{"line":14,"column":0}},"13":{"start":{"line":0,"column":0},"end":{"line":0,"column":0},"skip":true},"14":{"start":{"line":0,"column":0},"end":{"line":0,"column":0},"skip":true},"15":{"start":{"line":0,"column":0},"end":{"line":0,"column":0},"skip":true},"16":{"start":{"line":1,"column":-15},"end":{"line":1,"column":-15}},"17":{"start":{"line":2,"column":0},"end":{"line":2,"column":0}},"18":{"start":{"line":3,"column":0},"end":{"line":3,"column":0}},"19":{"start":{"line":17,"column":0},"end":{"line":17,"column":0}},"20":{"start":{"line":19,"column":0},"end":{"line":19,"column":0}},"21":{"start":{"line":23,"column":0},"end":{"line":23,"column":0}}},"branchMap":{"1":{"line":29,"type":"cond-expr","locations":[{"start":{"line":0,"column":0},"end":{"line":0,"column":0},"skip":true},{"start":{"line":0,"column":0},"end":{"line":0,"column":0},"skip":true}]},"2":{"line":29,"type":"binary-expr","locations":[{"start":{"line":0,"column":0},"end":{"line":0,"column":0},"skip":true},{"start":{"line":0,"column":0},"end":{"line":0,"column":0},"skip":true}]}}},"/Users/will/Documents/Comp531/hw6/src/reducers.spec.js":{"path":"/Users/will/Documents/Comp531/hw6/src/reducers.spec.js","s":{"1":1,"2":1,"3":1,"4":1,"5":1,"6":1,"7":1,"8":2,"9":1,"10":0,"11":0,"12":0,"13":0,"14":0,"15":0,"16":0,"17":0,"18":0,"19":0,"20":0,"21":0,"22":0,"23":0,"24":0,"25":0,"26":0,"27":0,"28":0,"29":0,"30":0,"31":0,"32":0,"33":0,"34":0,"35":0,"36":0,"37":0,"38":0,"39":0,"40":0,"41":0},"b":{"1":[0,2],"2":[2,2],"3":[0,0],"4":[0,0]},"f":{"1":2,"2":0,"3":0,"4":0,"5":0,"6":0,"7":0,"8":0,"9":0,"10":0},"fnMap":{"1":{"name":"_interopRequireDefault","line":15,"loc":{"start":{"line":0,"column":0},"end":{"line":0,"column":0},"skip":true},"skip":true},"2":{"name":"(anonymous_2)","line":17,"loc":{"start":{"line":5,"column":28},"end":{"line":5,"column":32}}},"3":{"name":"(anonymous_3)","line":27,"loc":{"start":{"line":8,"column":15},"end":{"line":8,"column":19}}},"4":{"name":"(anonymous_4)","line":42,"loc":{"start":{"line":23,"column":14},"end":{"line":23,"column":18}}},"5":{"name":"(anonymous_5)","line":48,"loc":{"start":{"line":29,"column":33},"end":{"line":29,"column":37}}},"6":{"name":"(anonymous_6)","line":56,"loc":{"start":{"line":37,"column":71},"end":{"line":37,"column":75}}},"7":{"name":"(anonymous_7)","line":59,"loc":{"start":{"line":41,"column":67},"end":{"line":41,"column":71}}},"8":{"name":"(anonymous_8)","line":62,"loc":{"start":{"line":45,"column":33},"end":{"line":45,"column":37}}},"9":{"name":"(anonymous_9)","line":67,"loc":{"start":{"line":51,"column":39},"end":{"line":51,"column":43}}},"10":{"name":"(anonymous_10)","line":70,"loc":{"start":{"line":55,"column":64},"end":{"line":55,"column":68}}}},"statementMap":{"1":{"start":{"line":1,"column":-15},"end":{"line":1,"column":-15}},"2":{"start":{"line":2,"column":0},"end":{"line":2,"column":0}},"3":{"start":{"line":0,"column":0},"end":{"line":0,"column":0},"skip":true},"4":{"start":{"line":3,"column":0},"end":{"line":3,"column":0}},"5":{"start":{"line":0,"column":0},"end":{"line":0,"column":0},"skip":true},"6":{"start":{"line":4,"column":0},"end":{"line":4,"column":0}},"7":{"start":{"line":0,"column":0},"end":{"line":0,"column":0},"skip":true},"8":{"start":{"line":0,"column":0},"end":{"line":0,"column":0},"skip":true},"9":{"start":{"line":5,"column":0},"end":{"line":5,"column":0}},"10":{"start":{"line":6,"column":4},"end":{"line":6,"column":4}},"11":{"start":{"line":8,"column":4},"end":{"line":8,"column":4}},"12":{"start":{"line":9,"column":8},"end":{"line":13,"column":9}},"13":{"start":{"line":10,"column":12},"end":{"line":10,"column":12}},"14":{"start":{"line":11,"column":12},"end":{"line":11,"column":12}},"15":{"start":{"line":12,"column":12},"end":{"line":12,"column":12}},"16":{"start":{"line":14,"column":8},"end":{"line":14,"column":8}},"17":{"start":{"line":15,"column":8},"end":{"line":15,"column":8}},"18":{"start":{"line":16,"column":8},"end":{"line":16,"column":8}},"19":{"start":{"line":17,"column":8},"end":{"line":17,"column":8}},"20":{"start":{"line":18,"column":8},"end":{"line":18,"column":8}},"21":{"start":{"line":19,"column":8},"end":{"line":19,"column":8}},"22":{"start":{"line":20,"column":8},"end":{"line":20,"column":8}},"23":{"start":{"line":21,"column":8},"end":{"line":21,"column":8}},"24":{"start":{"line":23,"column":4},"end":{"line":23,"column":4}},"25":{"start":{"line":24,"column":8},"end":{"line":27,"column":9}},"26":{"start":{"line":25,"column":12},"end":{"line":25,"column":12}},"27":{"start":{"line":26,"column":12},"end":{"line":26,"column":12}},"28":{"start":{"line":29,"column":4},"end":{"line":29,"column":4}},"29":{"start":{"line":30,"column":8},"end":{"line":30,"column":8}},"30":{"start":{"line":37,"column":4},"end":{"line":37,"column":4}},"31":{"start":{"line":38,"column":8},"end":{"line":38,"column":8}},"32":{"start":{"line":41,"column":4},"end":{"line":41,"column":4}},"33":{"start":{"line":42,"column":8},"end":{"line":42,"column":8}},"34":{"start":{"line":45,"column":4},"end":{"line":45,"column":4}},"35":{"start":{"line":46,"column":8},"end":{"line":46,"column":8}},"36":{"start":{"line":51,"column":4},"end":{"line":51,"column":4}},"37":{"start":{"line":52,"column":8},"end":{"line":52,"column":8}},"38":{"start":{"line":55,"column":4},"end":{"line":55,"column":4}},"39":{"start":{"line":56,"column":8},"end":{"line":56,"column":8}},"40":{"start":{"line":58,"column":8},"end":{"line":58,"column":8}},"41":{"start":{"line":59,"column":8},"end":{"line":59,"column":8}}},"branchMap":{"1":{"line":15,"type":"cond-expr","locations":[{"start":{"line":0,"column":0},"end":{"line":0,"column":0},"skip":true},{"start":{"line":0,"column":0},"end":{"line":0,"column":0},"skip":true}]},"2":{"line":15,"type":"binary-expr","locations":[{"start":{"line":0,"column":0},"end":{"line":0,"column":0},"skip":true},{"start":{"line":0,"column":0},"end":{"line":0,"column":0},"skip":true}]},"3":{"line":28,"type":"if","locations":[{"start":{"line":9,"column":8},"end":{"line":9,"column":8}},{"start":{"line":9,"column":8},"end":{"line":9,"column":8}}]},"4":{"line":43,"type":"if","locations":[{"start":{"line":24,"column":8},"end":{"line":24,"column":8}},{"start":{"line":24,"column":8},"end":{"line":24,"column":8}}]}}}}